{"numTotalTestSuites":151,"numPassedTestSuites":151,"numFailedTestSuites":0,"numPendingTestSuites":0,"numTotalTests":235,"numPassedTests":235,"numFailedTests":0,"numPendingTests":0,"numTodoTests":0,"snapshot":{"added":0,"failure":false,"filesAdded":0,"filesRemoved":0,"filesRemovedList":[],"filesUnmatched":0,"filesUpdated":0,"matched":0,"total":0,"unchecked":0,"uncheckedKeysByFile":[],"unmatched":0,"updated":0,"didUpdate":false},"startTime":1777207047347,"success":true,"testResults":[{"assertionResults":[{"ancestorTitles":["HTTP_STATUS"],"fullName":"HTTP_STATUS 期待されるステータスコードが定義されていること","status":"passed","title":"期待されるステータスコードが定義されていること","duration":1.0236670000000458,"failureMessages":[],"meta":{},"tags":[]},{"ancestorTitles":["HTTP_STATUS"],"fullName":"HTTP_STATUS 定数が定義されていること","status":"passed","title":"定数が定義されていること","duration":0.19479100000000926,"failureMessages":[],"meta":{},"tags":[]}],"startTime":1777207052875,"endTime":1777207052876.1948,"status":"passed","message":"","name":"/workspaces/TagUtil/src/shared/http-status.test.ts"},{"assertionResults":[{"ancestorTitles":["ipc shared constants"],"fullName":"ipc shared constants IMAGE_PROTOCOL_SCHEME が正しく定義されていること","status":"passed","title":"IMAGE_PROTOCOL_SCHEME が正しく定義されていること","duration":1.0620409999999652,"failureMessages":[],"meta":{},"tags":[]},{"ancestorTitles":["ipc shared constants"],"fullName":"ipc shared constants IPC_CHANNELS が正しく定義されていること","status":"passed","title":"IPC_CHANNELS が正しく定義されていること","duration":0.17537500000003092,"failureMessages":[],"meta":{},"tags":[]}],"startTime":1777207052825,"endTime":1777207052826.1753,"status":"passed","message":"","name":"/workspaces/TagUtil/src/shared/ipc.test.ts"},{"assertionResults":[{"ancestorTitles":["Log ユーティリティ (Domain)","createLogMessage"],"fullName":"Log ユーティリティ (Domain) createLogMessage 正しい構造のログメッセージを生成すること","status":"passed","title":"正しい構造のログメッセージを生成すること","duration":3.914457999999968,"failureMessages":[],"meta":{},"tags":[]}],"startTime":1777207049518,"endTime":1777207049521.9146,"status":"passed","message":"","name":"/workspaces/TagUtil/src/domain/common/log.test.ts"},{"assertionResults":[{"ancestorTitles":["Result ユーティリティ","success"],"fullName":"Result ユーティリティ success 成功時の値を持つ「success」タイプの結果を生成すること","status":"passed","title":"成功時の値を持つ「success」タイプの結果を生成すること","duration":1.0216250000000286,"failureMessages":[],"meta":{},"tags":[]},{"ancestorTitles":["Result ユーティリティ","success"],"fullName":"Result ユーティリティ success プリミティブ値を正しくラップすること","status":"passed","title":"プリミティブ値を正しくラップすること","duration":0.15950000000003683,"failureMessages":[],"meta":{},"tags":[]},{"ancestorTitles":["Result ユーティリティ","failure"],"fullName":"Result ユーティリティ failure エラー情報を持つ「error」タイプの結果を生成すること","status":"passed","title":"エラー情報を持つ「error」タイプの結果を生成すること","duration":0.10170799999997371,"failureMessages":[],"meta":{},"tags":[]},{"ancestorTitles":["Result ユーティリティ","failure"],"fullName":"Result ユーティリティ failure エラーメッセージ文字列を正しくラップすること","status":"passed","title":"エラーメッセージ文字列を正しくラップすること","duration":0.08320800000001327,"failureMessages":[],"meta":{},"tags":[]}],"startTime":1777207052340,"endTime":1777207052342.1594,"status":"passed","message":"","name":"/workspaces/TagUtil/src/domain/common/result.test.ts"},{"assertionResults":[{"ancestorTitles":["deriveCommonMetadata"],"fullName":"deriveCommonMetadata リストが空の場合、nullを返すこと","status":"passed","title":"リストが空の場合、nullを返すこと","duration":0.8803330000000074,"failureMessages":[],"meta":{},"tags":[]},{"ancestorTitles":["deriveCommonMetadata"],"fullName":"deriveCommonMetadata 全てのメタデータが同一の場合、uniform な値を返すこと","status":"passed","title":"全てのメタデータが同一の場合、uniform な値を返すこと","duration":0.7194170000000213,"failureMessages":[],"meta":{},"tags":[]},{"ancestorTitles":["deriveCommonMetadata"],"fullName":"deriveCommonMetadata 異なる値が含まれる場合、divergent とユニオンリストを返すこと","status":"passed","title":"異なる値が含まれる場合、divergent とユニオンリストを返すこと","duration":0.1392500000000041,"failureMessages":[],"meta":{},"tags":[]},{"ancestorTitles":["deriveCommonMetadata"],"fullName":"deriveCommonMetadata 複数値フィールドが不一致の場合、ソートされたユニオンリストを返すこと","status":"passed","title":"複数値フィールドが不一致の場合、ソートされたユニオンリストを返すこと","duration":8.173457999999982,"failureMessages":[],"meta":{},"tags":[]},{"ancestorTitles":["deriveCommonMetadata"],"fullName":"deriveCommonMetadata 複数値フィールドに空の配列や未定義が含まれる場合も正しくユニオンを作成すること","status":"passed","title":"複数値フィールドに空の配列や未定義が含まれる場合も正しくユニオンを作成すること","duration":0.18787500000001955,"failureMessages":[],"meta":{},"tags":[]},{"ancestorTitles":["deriveCommonMetadata"],"fullName":"deriveCommonMetadata 画像ハッシュが異なる場合、画像項目は divergent になること","status":"passed","title":"画像ハッシュが異なる場合、画像項目は divergent になること","duration":0.07095799999996188,"failureMessages":[],"meta":{},"tags":[]},{"ancestorTitles":["deriveCommonMetadata"],"fullName":"deriveCommonMetadata 両方の画像が未設定の場合、uniform (undefined) になること","status":"passed","title":"両方の画像が未設定の場合、uniform (undefined) になること","duration":0.0679590000000303,"failureMessages":[],"meta":{},"tags":[]},{"ancestorTitles":["deriveCommonMetadata"],"fullName":"deriveCommonMetadata 画像の有無が混在する場合、divergent になること","status":"passed","title":"画像の有無が混在する場合、divergent になること","duration":0.05979200000001583,"failureMessages":[],"meta":{},"tags":[]}],"startTime":1777207047843,"endTime":1777207047853.188,"status":"passed","message":"","name":"/workspaces/TagUtil/src/domain/editor/batch-metadata.test.ts"},{"assertionResults":[{"ancestorTitles":["エラーフォーマッター","formatAppError"],"fullName":"エラーフォーマッター formatAppError AppError オブジェクトを適切に翻訳すること","status":"passed","title":"AppError オブジェクトを適切に翻訳すること","duration":1.1852499999999964,"failureMessages":[],"meta":{},"tags":[]},{"ancestorTitles":["エラーフォーマッター","formatAppError"],"fullName":"エラーフォーマッター formatAppError AppError に詳細情報がある場合、それを含めること","status":"passed","title":"AppError に詳細情報がある場合、それを含めること","duration":0.12124999999997499,"failureMessages":[],"meta":{},"tags":[]},{"ancestorTitles":["エラーフォーマッター","formatAppError"],"fullName":"エラーフォーマッター formatAppError 標準の Error オブジェクトからメッセージを取得すること","status":"passed","title":"標準の Error オブジェクトからメッセージを取得すること","duration":0.09579099999996288,"failureMessages":[],"meta":{},"tags":[]},{"ancestorTitles":["エラーフォーマッター","formatAppError"],"fullName":"エラーフォーマッター formatAppError 文字列やその他の値をそのまま文字列化すること","status":"passed","title":"文字列やその他の値をそのまま文字列化すること","duration":0.094208999999978,"failureMessages":[],"meta":{},"tags":[]},{"ancestorTitles":["エラーフォーマッター","formatAppError"],"fullName":"エラーフォーマッター formatAppError 未知のエラータイプの場合、フォールバックメッセージを表示すること","status":"passed","title":"未知のエラータイプの場合、フォールバックメッセージを表示すること","duration":0.06120800000002191,"failureMessages":[],"meta":{},"tags":[]}],"startTime":1777207052351,"endTime":1777207052352.1853,"status":"passed","message":"","name":"/workspaces/TagUtil/src/domain/flac/app-error-formatter.test.ts"},{"assertionResults":[{"ancestorTitles":["filename-formatter","formatFlacFilename"],"fullName":"filename-formatter formatFlacFilename トラック番号とタイトルがある場合、正しくフォーマットされること","status":"passed","title":"トラック番号とタイトルがある場合、正しくフォーマットされること","duration":1.1822919999999613,"failureMessages":[],"meta":{},"tags":[]},{"ancestorTitles":["filename-formatter","formatFlacFilename"],"fullName":"filename-formatter formatFlacFilename トラック番号が2桁以上の場合、そのまま表示されること","status":"passed","title":"トラック番号が2桁以上の場合、そのまま表示されること","duration":0.12800000000004275,"failureMessages":[],"meta":{},"tags":[]},{"ancestorTitles":["filename-formatter","formatFlacFilename"],"fullName":"filename-formatter formatFlacFilename カスタムパディングが適用されること","status":"passed","title":"カスタムパディングが適用されること","duration":0.0832089999999539,"failureMessages":[],"meta":{},"tags":[]},{"ancestorTitles":["filename-formatter","formatFlacFilename"],"fullName":"filename-formatter formatFlacFilename アルバム名を含むカスタムパターンが機能すること","status":"passed","title":"アルバム名を含むカスタムパターンが機能すること","duration":0.0917500000000473,"failureMessages":[],"meta":{},"tags":[]},{"ancestorTitles":["filename-formatter","formatFlacFilename"],"fullName":"filename-formatter formatFlacFilename 複数値のアーティストが正しく結合されること","status":"passed","title":"複数値のアーティストが正しく結合されること","duration":0.10458299999999099,"failureMessages":[],"meta":{},"tags":[]},{"ancestorTitles":["filename-formatter","formatFlacFilename"],"fullName":"filename-formatter formatFlacFilename ジャンルと日付のプレースホルダが機能すること","status":"passed","title":"ジャンルと日付のプレースホルダが機能すること","duration":0.09837500000003274,"failureMessages":[],"meta":{},"tags":[]},{"ancestorTitles":["filename-formatter","formatFlacFilename"],"fullName":"filename-formatter formatFlacFilename メタデータに禁止文字が含まれる場合、サニタイズされること","status":"passed","title":"メタデータに禁止文字が含まれる場合、サニタイズされること","duration":0.06529100000000199,"failureMessages":[],"meta":{},"tags":[]},{"ancestorTitles":["filename-formatter","formatFlacFilename"],"fullName":"filename-formatter formatFlacFilename トラック番号が欠損しているがパターンに含まれていない場合、成功すること","status":"passed","title":"トラック番号が欠損しているがパターンに含まれていない場合、成功すること","duration":0.06475000000000364,"failureMessages":[],"meta":{},"tags":[]},{"ancestorTitles":["filename-formatter","formatFlacFilename"],"fullName":"filename-formatter formatFlacFilename パターンに含まれるトラック番号が欠損している場合、エラーを返却すること","status":"passed","title":"パターンに含まれるトラック番号が欠損している場合、エラーを返却すること","duration":0.11504200000001674,"failureMessages":[],"meta":{},"tags":[]},{"ancestorTitles":["filename-formatter","formatFlacFilename"],"fullName":"filename-formatter formatFlacFilename パターンに含まれるタイトルが欠損している場合、エラーを返却すること","status":"passed","title":"パターンに含まれるタイトルが欠損している場合、エラーを返却すること","duration":0.09816699999998946,"failureMessages":[],"meta":{},"tags":[]},{"ancestorTitles":["filename-formatter","formatFlacFilename"],"fullName":"filename-formatter formatFlacFilename パターンにアルバム名が欠損している場合、エラーを返却すること","status":"passed","title":"パターンにアルバム名が欠損している場合、エラーを返却すること","duration":0.11770799999999326,"failureMessages":[],"meta":{},"tags":[]},{"ancestorTitles":["filename-formatter","formatFlacFilename"],"fullName":"filename-formatter formatFlacFilename パターンに一つもタグが含まれていない場合、エラーを返却すること","status":"passed","title":"パターンに一つもタグが含まれていない場合、エラーを返却すること","duration":0.07141699999999673,"failureMessages":[],"meta":{},"tags":[]}],"startTime":1777207051198,"endTime":1777207051200.1177,"status":"passed","message":"","name":"/workspaces/TagUtil/src/domain/flac/filename-formatter.test.ts"},{"assertionResults":[{"ancestorTitles":["flac types","appErrors"],"fullName":"flac types appErrors parseFailed が正しい AppError を生成すること","status":"passed","title":"parseFailed が正しい AppError を生成すること","duration":1.2174170000000117,"failureMessages":[],"meta":{},"tags":[]},{"ancestorTitles":["flac types","appErrors"],"fullName":"flac types appErrors writeFailed が正しい AppError を生成すること","status":"passed","title":"writeFailed が正しい AppError を生成すること","duration":0.1017500000000382,"failureMessages":[],"meta":{},"tags":[]},{"ancestorTitles":["flac types","appErrors"],"fullName":"flac types appErrors scanFailed が正しい AppError を生成すること","status":"passed","title":"scanFailed が正しい AppError を生成すること","duration":0.07666699999998627,"failureMessages":[],"meta":{},"tags":[]},{"ancestorTitles":["flac types","appErrors"],"fullName":"flac types appErrors pickImageFailed が正しい AppError を生成すること","status":"passed","title":"pickImageFailed が正しい AppError を生成すること","duration":0.06675000000001319,"failureMessages":[],"meta":{},"tags":[]},{"ancestorTitles":["flac types","appErrors"],"fullName":"flac types appErrors 全ての APP_ERROR_TYPES が網羅されていること (型レベルの確認を補完)","status":"passed","title":"全ての APP_ERROR_TYPES が網羅されていること (型レベルの確認を補完)","duration":0.23237499999999045,"failureMessages":[],"meta":{},"tags":[]}],"startTime":1777207052087,"endTime":1777207052088.2324,"status":"passed","message":"","name":"/workspaces/TagUtil/src/domain/flac/types.test.ts"},{"assertionResults":[{"ancestorTitles":["Crypto ユーティリティ","computeMd5"],"fullName":"Crypto ユーティリティ computeMd5 Uint8Array データから正しい MD5 ハッシュ値を算出すること","status":"passed","title":"Uint8Array データから正しい MD5 ハッシュ値を算出すること","duration":1.26400000000001,"failureMessages":[],"meta":{},"tags":[]},{"ancestorTitles":["Crypto ユーティリティ","computeMd5"],"fullName":"Crypto ユーティリティ computeMd5 空のデータから正しい MD5 ハッシュ値を算出すること","status":"passed","title":"空のデータから正しい MD5 ハッシュ値を算出すること","duration":0.09412499999996271,"failureMessages":[],"meta":{},"tags":[]}],"startTime":1777207051916,"endTime":1777207051917.264,"status":"passed","message":"","name":"/workspaces/TagUtil/src/main/utils/crypto.test.ts"},{"assertionResults":[{"ancestorTitles":["error-handler","hasErrorCode"],"fullName":"error-handler hasErrorCode 指定されたコードを持つオブジェクトの場合に true を返すこと","status":"passed","title":"指定されたコードを持つオブジェクトの場合に true を返すこと","duration":1.0371250000000032,"failureMessages":[],"meta":{},"tags":[]},{"ancestorTitles":["error-handler","hasErrorCode"],"fullName":"error-handler hasErrorCode コードが一致しない場合に false を返すこと","status":"passed","title":"コードが一致しない場合に false を返すこと","duration":0.09970900000001848,"failureMessages":[],"meta":{},"tags":[]},{"ancestorTitles":["error-handler","hasErrorCode"],"fullName":"error-handler hasErrorCode code プロパティを持たないオブジェクトの場合に false を返すこと","status":"passed","title":"code プロパティを持たないオブジェクトの場合に false を返すこと","duration":0.07716600000003382,"failureMessages":[],"meta":{},"tags":[]},{"ancestorTitles":["error-handler","hasErrorCode"],"fullName":"error-handler hasErrorCode null や非オブジェクトの場合に false を返すこと","status":"passed","title":"null や非オブジェクトの場合に false を返すこと","duration":0.16199999999997772,"failureMessages":[],"meta":{},"tags":[]},{"ancestorTitles":["error-handler","toAppResultFailure"],"fullName":"error-handler toAppResultFailure Error オブジェクトを AppResult の Failure（失敗）に正しく変換できること","status":"passed","title":"Error オブジェクトを AppResult の Failure（失敗）に正しく変換できること","duration":0.14012500000001182,"failureMessages":[],"meta":{},"tags":[]},{"ancestorTitles":["error-handler","toAppResultFailure"],"fullName":"error-handler toAppResultFailure 文字列のエラーメッセージを AppResult の Failure に正しく変換できること","status":"passed","title":"文字列のエラーメッセージを AppResult の Failure に正しく変換できること","duration":0.06533400000000711,"failureMessages":[],"meta":{},"tags":[]}],"startTime":1777207052157,"endTime":1777207052158.162,"status":"passed","message":"","name":"/workspaces/TagUtil/src/main/utils/error-handler.test.ts"},{"assertionResults":[{"ancestorTitles":["file-utils","isHiddenPath"],"fullName":"file-utils isHiddenPath ドットで始まるファイル名を隠しファイルと判定すること","status":"passed","title":"ドットで始まるファイル名を隠しファイルと判定すること","duration":1.177833000000021,"failureMessages":[],"meta":{},"tags":[]},{"ancestorTitles":["file-utils","isHiddenPath"],"fullName":"file-utils isHiddenPath ドットで始まらないファイル名は隠しファイルと判定しないこと","status":"passed","title":"ドットで始まらないファイル名は隠しファイルと判定しないこと","duration":0.11474999999995816,"failureMessages":[],"meta":{},"tags":[]},{"ancestorTitles":["file-utils","isSupportedAudioFile"],"fullName":"file-utils isSupportedAudioFile .flac 拡張子をサポート対象として判定すること","status":"passed","title":".flac 拡張子をサポート対象として判定すること","duration":0.1811670000000163,"failureMessages":[],"meta":{},"tags":[]},{"ancestorTitles":["file-utils","isSupportedAudioFile"],"fullName":"file-utils isSupportedAudioFile .flac 以外の拡張子はサポート対象外として判定すること","status":"passed","title":".flac 以外の拡張子はサポート対象外として判定すること","duration":0.1312499999999659,"failureMessages":[],"meta":{},"tags":[]},{"ancestorTitles":["file-utils","withAtomicWrite"],"fullName":"file-utils withAtomicWrite 正常系: コピー、タスク実行、リネームが行われること","status":"passed","title":"正常系: コピー、タスク実行、リネームが行われること","duration":1.160708999999997,"failureMessages":[],"meta":{},"tags":[]},{"ancestorTitles":["file-utils","withAtomicWrite"],"fullName":"file-utils withAtomicWrite 異常系: タスクが失敗した場合に一時ファイルが削除され、エラーが再スローされること","status":"passed","title":"異常系: タスクが失敗した場合に一時ファイルが削除され、エラーが再スローされること","duration":0.6390410000000202,"failureMessages":[],"meta":{},"tags":[]},{"ancestorTitles":["file-utils","withAtomicWrite"],"fullName":"file-utils withAtomicWrite 異常系: クリーンアップ（unlink）が失敗した場合はそのエラーがスローされること","status":"passed","title":"異常系: クリーンアップ（unlink）が失敗した場合はそのエラーがスローされること","duration":0.1442920000000072,"failureMessages":[],"meta":{},"tags":[]}],"startTime":1777207048205,"endTime":1777207048209.1443,"status":"passed","message":"","name":"/workspaces/TagUtil/src/main/utils/file-utils.test.ts"},{"assertionResults":[{"ancestorTitles":["fs utils","ensureFileExists"],"fullName":"fs utils ensureFileExists ファイルが存在する場合、例外をスローしないこと","status":"passed","title":"ファイルが存在する場合、例外をスローしないこと","duration":2.1610000000000014,"failureMessages":[],"meta":{},"tags":[]},{"ancestorTitles":["fs utils","ensureFileExists"],"fullName":"fs utils ensureFileExists ファイルが存在しない場合、例外をスローすること","status":"passed","title":"ファイルが存在しない場合、例外をスローすること","duration":0.5945839999999976,"failureMessages":[],"meta":{},"tags":[]}],"startTime":1777207051012,"endTime":1777207051014.5945,"status":"passed","message":"","name":"/workspaces/TagUtil/src/main/utils/fs.test.ts"},{"assertionResults":[{"ancestorTitles":["MIME ユーティリティ","getMimeTypeFromPath"],"fullName":"MIME ユーティリティ getMimeTypeFromPath JPEG拡張子に対して image/jpeg を返すこと","status":"passed","title":"JPEG拡張子に対して image/jpeg を返すこと","duration":1.6577919999999722,"failureMessages":[],"meta":{},"tags":[]},{"ancestorTitles":["MIME ユーティリティ","getMimeTypeFromPath"],"fullName":"MIME ユーティリティ getMimeTypeFromPath PNG拡張子に対して image/png を返すこと","status":"passed","title":"PNG拡張子に対して image/png を返すこと","duration":0.17691600000000562,"failureMessages":[],"meta":{},"tags":[]},{"ancestorTitles":["MIME ユーティリティ","getMimeTypeFromPath"],"fullName":"MIME ユーティリティ getMimeTypeFromPath WebP拡張子に対して image/webp を返すこと","status":"passed","title":"WebP拡張子に対して image/webp を返すこと","duration":0.15820899999999938,"failureMessages":[],"meta":{},"tags":[]},{"ancestorTitles":["MIME ユーティリティ","getMimeTypeFromPath"],"fullName":"MIME ユーティリティ getMimeTypeFromPath 未知の拡張子に対して application/octet-stream を返すこと","status":"passed","title":"未知の拡張子に対して application/octet-stream を返すこと","duration":0.148208000000011,"failureMessages":[],"meta":{},"tags":[]},{"ancestorTitles":["MIME ユーティリティ","getMimeTypeFromPath"],"fullName":"MIME ユーティリティ getMimeTypeFromPath パス全体の文字列から正しく判定できること","status":"passed","title":"パス全体の文字列から正しく判定できること","duration":0.14091600000000426,"failureMessages":[],"meta":{},"tags":[]}],"startTime":1777207052731,"endTime":1777207052733.1582,"status":"passed","message":"","name":"/workspaces/TagUtil/src/main/utils/mime.test.ts"},{"assertionResults":[{"ancestorTitles":["日付ユーティリティ","formatTimeWithMs"],"fullName":"日付ユーティリティ formatTimeWithMs ミリ秒単位を含む時刻形式 (HH:mm:ss.SSS) を返すこと","status":"passed","title":"ミリ秒単位を含む時刻形式 (HH:mm:ss.SSS) を返すこと","duration":11.157709000000011,"failureMessages":[],"meta":{},"tags":[]},{"ancestorTitles":["日付ユーティリティ","formatTimeWithMs"],"fullName":"日付ユーティリティ formatTimeWithMs 0埋めが正しく行われること","status":"passed","title":"0埋めが正しく行われること","duration":0.18520800000004556,"failureMessages":[],"meta":{},"tags":[]},{"ancestorTitles":["日付ユーティリティ","formatTimeWithMs"],"fullName":"日付ユーティリティ formatTimeWithMs 24時間表記であること","status":"passed","title":"24時間表記であること","duration":0.09841699999998355,"failureMessages":[],"meta":{},"tags":[]}],"startTime":1777207047824,"endTime":1777207047836.0984,"status":"passed","message":"","name":"/workspaces/TagUtil/src/shared/utils/date.test.ts"},{"assertionResults":[{"ancestorTitles":["isDeepEqual"],"fullName":"isDeepEqual プリミティブ値が一致する場合にtrueを返すこと","status":"passed","title":"プリミティブ値が一致する場合にtrueを返すこと","duration":1.2515409999999747,"failureMessages":[],"meta":{},"tags":[]},{"ancestorTitles":["isDeepEqual"],"fullName":"isDeepEqual プリミティブ値が一致しない場合にfalseを返すこと","status":"passed","title":"プリミティブ値が一致しない場合にfalseを返すこと","duration":0.1414169999999899,"failureMessages":[],"meta":{},"tags":[]},{"ancestorTitles":["isDeepEqual"],"fullName":"isDeepEqual 単純な配列が一致する場合にtrueを返すこと","status":"passed","title":"単純な配列が一致する場合にtrueを返すこと","duration":0.11529200000001083,"failureMessages":[],"meta":{},"tags":[]},{"ancestorTitles":["isDeepEqual"],"fullName":"isDeepEqual 入れ子になった配列が一致する場合にtrueを返すこと","status":"passed","title":"入れ子になった配列が一致する場合にtrueを返すこと","duration":0.06120900000001939,"failureMessages":[],"meta":{},"tags":[]},{"ancestorTitles":["isDeepEqual"],"fullName":"isDeepEqual 配列の順序が異なる場合にfalseを返すこと","status":"passed","title":"配列の順序が異なる場合にfalseを返すこと","duration":0.045250000000010004,"failureMessages":[],"meta":{},"tags":[]},{"ancestorTitles":["isDeepEqual"],"fullName":"isDeepEqual 単純なオブジェクトが一致する場合にtrueを返すこと","status":"passed","title":"単純なオブジェクトが一致する場合にtrueを返すこと","duration":0.06858299999998962,"failureMessages":[],"meta":{},"tags":[]},{"ancestorTitles":["isDeepEqual"],"fullName":"isDeepEqual オブジェクトのキーの順序が異なるが内容が同じ場合にtrueを返すこと","status":"passed","title":"オブジェクトのキーの順序が異なるが内容が同じ場合にtrueを返すこと","duration":0.043040999999959695,"failureMessages":[],"meta":{},"tags":[]},{"ancestorTitles":["isDeepEqual"],"fullName":"isDeepEqual 入れ子になったオブジェクトが一致する場合にtrueを返すこと","status":"passed","title":"入れ子になったオブジェクトが一致する場合にtrueを返すこと","duration":0.05112500000001319,"failureMessages":[],"meta":{},"tags":[]},{"ancestorTitles":["isDeepEqual"],"fullName":"isDeepEqual オブジェクトの内容が異なる場合にfalseを返すこと","status":"passed","title":"オブジェクトの内容が異なる場合にfalseを返すこと","duration":0.08075000000002319,"failureMessages":[],"meta":{},"tags":[]},{"ancestorTitles":["isDeepEqual"],"fullName":"isDeepEqual プロパティ数が異なる場合にfalseを返すこと","status":"passed","title":"プロパティ数が異なる場合にfalseを返すこと","duration":0.03829200000001265,"failureMessages":[],"meta":{},"tags":[]},{"ancestorTitles":["isDeepEqual"],"fullName":"isDeepEqual 配列とオブジェクトを比較した場合にfalseを返すこと","status":"passed","title":"配列とオブジェクトを比較した場合にfalseを返すこと","duration":0.04291599999999107,"failureMessages":[],"meta":{},"tags":[]},{"ancestorTitles":["isDeepEqual"],"fullName":"isDeepEqual FLACメタデータのシミュレーション比較","status":"passed","title":"FLACメタデータのシミュレーション比較","duration":0.06395800000001373,"failureMessages":[],"meta":{},"tags":[]}],"startTime":1777207047840,"endTime":1777207047842.064,"status":"passed","message":"","name":"/workspaces/TagUtil/src/shared/utils/equality.test.ts"},{"assertionResults":[{"ancestorTitles":["file-filter","hasExtension"],"fullName":"file-filter hasExtension 拡張子が一致する場合に true を返すこと","status":"passed","title":"拡張子が一致する場合に true を返すこと","duration":1,"failureMessages":[],"meta":{},"tags":[]},{"ancestorTitles":["file-filter","hasExtension"],"fullName":"file-filter hasExtension 複数の拡張子のいずれかに一致する場合に true を返すこと","status":"passed","title":"複数の拡張子のいずれかに一致する場合に true を返すこと","duration":0.09945900000002439,"failureMessages":[],"meta":{},"tags":[]},{"ancestorTitles":["file-filter","hasExtension"],"fullName":"file-filter hasExtension 拡張子が一致しない場合に false を返すこと","status":"passed","title":"拡張子が一致しない場合に false を返すこと","duration":0.07195799999999508,"failureMessages":[],"meta":{},"tags":[]},{"ancestorTitles":["file-filter","hasExtension"],"fullName":"file-filter hasExtension 大文字小文字を区別せずに判定すること","status":"passed","title":"大文字小文字を区別せずに判定すること","duration":0.07137499999998909,"failureMessages":[],"meta":{},"tags":[]}],"startTime":1777207052707,"endTime":1777207052708.0994,"status":"passed","message":"","name":"/workspaces/TagUtil/src/shared/utils/file-filter.test.ts"},{"assertionResults":[{"ancestorTitles":["filename utils (sanitize)"],"fullName":"filename utils (sanitize) ファイル名に使用できない文字がアンダースコアに置換されること","status":"passed","title":"ファイル名に使用できない文字がアンダースコアに置換されること","duration":1.7203329999999823,"failureMessages":[],"meta":{},"tags":[]},{"ancestorTitles":["filename utils (sanitize)"],"fullName":"filename utils (sanitize) 前後の空白が削除されること","status":"passed","title":"前後の空白が削除されること","duration":0.13412499999998317,"failureMessages":[],"meta":{},"tags":[]},{"ancestorTitles":["filename utils (sanitize)"],"fullName":"filename utils (sanitize) 空白のみのファイル名が空文字列になること","status":"passed","title":"空白のみのファイル名が空文字列になること","duration":0.057375000000035925,"failureMessages":[],"meta":{},"tags":[]},{"ancestorTitles":["filename utils (sanitize)"],"fullName":"filename utils (sanitize) 不適切な文字を含まないファイル名は変更されないこと","status":"passed","title":"不適切な文字を含まないファイル名は変更されないこと","duration":0.059041999999976724,"failureMessages":[],"meta":{},"tags":[]}],"startTime":1777207052776,"endTime":1777207052778.134,"status":"passed","message":"","name":"/workspaces/TagUtil/src/shared/utils/filename.test.ts"},{"assertionResults":[{"ancestorTitles":["ID ユーティリティ","generateId"],"fullName":"ID ユーティリティ generateId UUID 形式の文字列を生成すること","status":"passed","title":"UUID 形式の文字列を生成すること","duration":2.5737909999999715,"failureMessages":[],"meta":{},"tags":[]},{"ancestorTitles":["ID ユーティリティ","generateId"],"fullName":"ID ユーティリティ generateId 呼び出すたびに異なる ID を生成すること","status":"passed","title":"呼び出すたびに異なる ID を生成すること","duration":0.49787500000002183,"failureMessages":[],"meta":{},"tags":[]}],"startTime":1777207049810,"endTime":1777207049813.4978,"status":"passed","message":"","name":"/workspaces/TagUtil/src/shared/utils/id.test.ts"},{"assertionResults":[{"ancestorTitles":["number utils (clamp)"],"fullName":"number utils (clamp) 範囲内の数値はそのままであること","status":"passed","title":"範囲内の数値はそのままであること","duration":1.0413750000000164,"failureMessages":[],"meta":{},"tags":[]},{"ancestorTitles":["number utils (clamp)"],"fullName":"number utils (clamp) 最小値を下回る場合は最小値を返すこと","status":"passed","title":"最小値を下回る場合は最小値を返すこと","duration":0.0841249999999718,"failureMessages":[],"meta":{},"tags":[]},{"ancestorTitles":["number utils (clamp)"],"fullName":"number utils (clamp) 最大値を上回る場合は最大値を返すこと","status":"passed","title":"最大値を上回る場合は最大値を返すこと","duration":0.06812499999995225,"failureMessages":[],"meta":{},"tags":[]},{"ancestorTitles":["number utils (clamp)"],"fullName":"number utils (clamp) 最小値そのものが渡された場合は最小値を返すこと","status":"passed","title":"最小値そのものが渡された場合は最小値を返すこと","duration":0.055540999999948326,"failureMessages":[],"meta":{},"tags":[]},{"ancestorTitles":["number utils (clamp)"],"fullName":"number utils (clamp) 最大値そのものが渡された場合は最大値を返すこと","status":"passed","title":"最大値そのものが渡された場合は最大値を返すこと","duration":0.045667000000037206,"failureMessages":[],"meta":{},"tags":[]}],"startTime":1777207052438,"endTime":1777207052439.0842,"status":"passed","message":"","name":"/workspaces/TagUtil/src/shared/utils/number.test.ts"},{"assertionResults":[{"ancestorTitles":["result-logging","withResultLogging"],"fullName":"result-logging withResultLogging 処理が成功した場合、成功ログを出力すること","status":"passed","title":"処理が成功した場合、成功ログを出力すること","duration":2.560834,"failureMessages":[],"meta":{},"tags":[]},{"ancestorTitles":["result-logging","withResultLogging"],"fullName":"result-logging withResultLogging 複数の補足メッセージを渡した場合、ロガーの引数として渡されること","status":"passed","title":"複数の補足メッセージを渡した場合、ロガーの引数として渡されること","duration":0.2827919999999722,"failureMessages":[],"meta":{},"tags":[]},{"ancestorTitles":["result-logging","withResultLogging"],"fullName":"result-logging withResultLogging 補足メッセージに配列を渡した場合、ロガーの引数としてそのまま渡されること","status":"passed","title":"補足メッセージに配列を渡した場合、ロガーの引数としてそのまま渡されること","duration":0.15800000000001546,"failureMessages":[],"meta":{},"tags":[]},{"ancestorTitles":["result-logging","withResultLogging"],"fullName":"result-logging withResultLogging 処理が失敗（Error型を返却）した場合、エラーログを出力すること","status":"passed","title":"処理が失敗（Error型を返却）した場合、エラーログを出力すること","duration":0.240333000000021,"failureMessages":[],"meta":{},"tags":[]},{"ancestorTitles":["result-logging","withResultLogging"],"fullName":"result-logging withResultLogging 例外が発生した場合、例外ログを出力して再スローすること","status":"passed","title":"例外が発生した場合、例外ログを出力して再スローすること","duration":1.004583000000025,"failureMessages":[],"meta":{},"tags":[]}],"startTime":1777207048207,"endTime":1777207048211.0046,"status":"passed","message":"","name":"/workspaces/TagUtil/src/main/infrastructure/logging/result-logging.test.ts"},{"assertionResults":[{"ancestorTitles":["SettingsRepository"],"fullName":"SettingsRepository 初期値が設定されること","status":"passed","title":"初期値が設定されること","duration":2.380916999999954,"failureMessages":[],"meta":{},"tags":[]},{"ancestorTitles":["SettingsRepository"],"fullName":"SettingsRepository 設定を保存できること","status":"passed","title":"設定を保存できること","duration":1.110749999999996,"failureMessages":[],"meta":{},"tags":[]},{"ancestorTitles":["SettingsRepository"],"fullName":"SettingsRepository 保存された設定を取得できること","status":"passed","title":"保存された設定を取得できること","duration":0.14120900000000347,"failureMessages":[],"meta":{},"tags":[]}],"startTime":1777207051509,"endTime":1777207051513.141,"status":"passed","message":"","name":"/workspaces/TagUtil/src/main/infrastructure/repositories/settings-repository.test.ts"},{"assertionResults":[{"ancestorTitles":["reader","readMetadata"],"fullName":"reader readMetadata 正常系: メタデータが正常に読み取れること","status":"passed","title":"正常系: メタデータが正常に読み取れること","duration":1.8225419999999986,"failureMessages":[],"meta":{},"tags":[]},{"ancestorTitles":["reader","readMetadata"],"fullName":"reader readMetadata 異常系: ファイルが存在しない場合に parseFailed エラーを返すこと","status":"passed","title":"異常系: ファイルが存在しない場合に parseFailed エラーを返すこと","duration":0.2853749999999877,"failureMessages":[],"meta":{},"tags":[]},{"ancestorTitles":["reader","readMetadata"],"fullName":"reader readMetadata 異常系: その他のエラーの場合に parseFailed エラーを返すこと","status":"passed","title":"異常系: その他のエラーの場合に parseFailed エラーを返すこと","duration":0.13020800000003874,"failureMessages":[],"meta":{},"tags":[]}],"startTime":1777207051334,"endTime":1777207051336.1301,"status":"passed","message":"","name":"/workspaces/TagUtil/src/main/services/flac/reader.test.ts"},{"assertionResults":[{"ancestorTitles":["writer","writeMetadata"],"fullName":"writer writeMetadata 正常系: メタデータが正常に書き込まれること","status":"passed","title":"正常系: メタデータが正常に書き込まれること","duration":1.3892499999999472,"failureMessages":[],"meta":{},"tags":[]},{"ancestorTitles":["writer","writeMetadata"],"fullName":"writer writeMetadata 異常系: ファイルが存在しない場合に writeFailed エラーを返すこと","status":"passed","title":"異常系: ファイルが存在しない場合に writeFailed エラーを返すこと","duration":0.26845800000000963,"failureMessages":[],"meta":{},"tags":[]},{"ancestorTitles":["writer","writeMetadata"],"fullName":"writer writeMetadata 異常系: 権限不足の場合に writeFailed エラーを返すこと","status":"passed","title":"異常系: 権限不足の場合に writeFailed エラーを返すこと","duration":0.11604099999999562,"failureMessages":[],"meta":{},"tags":[]},{"ancestorTitles":["writer","writeMetadata"],"fullName":"writer writeMetadata 異常系: その他のエラーの場合に writeFailed エラーを返すこと","status":"passed","title":"異常系: その他のエラーの場合に writeFailed エラーを返すこと","duration":0.09666699999996808,"failureMessages":[],"meta":{},"tags":[]}],"startTime":1777207051784,"endTime":1777207051786.0967,"status":"passed","message":"","name":"/workspaces/TagUtil/src/main/services/flac/writer.test.ts"},{"assertionResults":[{"ancestorTitles":["Logger","ログ出力メソッド"],"fullName":"Logger ログ出力メソッド info() が正しくログイベントを発火させること","status":"passed","title":"info() が正しくログイベントを発火させること","duration":15.12904199999997,"failureMessages":[],"meta":{},"tags":[]},{"ancestorTitles":["Logger","ログ出力メソッド"],"fullName":"Logger ログ出力メソッド warn() が正しくログイベントを発火させること","status":"passed","title":"warn() が正しくログイベントを発火させること","duration":0.6383329999999887,"failureMessages":[],"meta":{},"tags":[]},{"ancestorTitles":["Logger","ログ出力メソッド"],"fullName":"Logger ログ出力メソッド error() が正しくログイベントを発火させること","status":"passed","title":"error() が正しくログイベントを発火させること","duration":0.24829199999999219,"failureMessages":[],"meta":{},"tags":[]},{"ancestorTitles":["Logger","ログ出力メソッド"],"fullName":"Logger ログ出力メソッド console.log にも出力されること","status":"passed","title":"console.log にも出力されること","duration":0.35029099999997015,"failureMessages":[],"meta":{},"tags":[]},{"ancestorTitles":["Logger","onLog"],"fullName":"Logger onLog 複数のリスナーを登録できること","status":"passed","title":"複数のリスナーを登録できること","duration":0.18258299999996552,"failureMessages":[],"meta":{},"tags":[]}],"startTime":1777207047855,"endTime":1777207047872.1826,"status":"passed","message":"","name":"/workspaces/TagUtil/src/main/services/platform/logger.test.ts"},{"assertionResults":[{"ancestorTitles":["platform service (main)"],"fullName":"platform service (main) darwin (macOS) 環境で isMac が true になること","status":"passed","title":"darwin (macOS) 環境で isMac が true になること","duration":1.2145419999999945,"failureMessages":[],"meta":{},"tags":[]},{"ancestorTitles":["platform service (main)"],"fullName":"platform service (main) win32 (Windows) 環境で isMac が false になること","status":"passed","title":"win32 (Windows) 環境で isMac が false になること","duration":0.1145829999999819,"failureMessages":[],"meta":{},"tags":[]},{"ancestorTitles":["platform service (main)"],"fullName":"platform service (main) linux 環境で isMac が false になること","status":"passed","title":"linux 環境で isMac が false になること","duration":0.07595800000001418,"failureMessages":[],"meta":{},"tags":[]}],"startTime":1777207052510,"endTime":1777207052512.076,"status":"passed","message":"","name":"/workspaces/TagUtil/src/main/services/platform/platform.test.ts"},{"assertionResults":[{"ancestorTitles":["tooltip action"],"fullName":"tooltip action mouseenter で一定時間後にツールチップが表示されること","status":"passed","title":"mouseenter で一定時間後にツールチップが表示されること","duration":11.678707999999915,"failureMessages":[],"meta":{},"tags":[]},{"ancestorTitles":["tooltip action"],"fullName":"tooltip action mouseleave でツールチップが非表示になること","status":"passed","title":"mouseleave でツールチップが非表示になること","duration":2.3708339999998316,"failureMessages":[],"meta":{},"tags":[]},{"ancestorTitles":["tooltip action"],"fullName":"tooltip action テキストが空の場合は表示されないこと","status":"passed","title":"テキストが空の場合は表示されないこと","duration":0.41649999999981446,"failureMessages":[],"meta":{},"tags":[]},{"ancestorTitles":["tooltip action"],"fullName":"tooltip action 表示前に mouseleave した場合、タイマーが解除されること","status":"passed","title":"表示前に mouseleave した場合、タイマーが解除されること","duration":0.36187500000005457,"failureMessages":[],"meta":{},"tags":[]},{"ancestorTitles":["tooltip action"],"fullName":"tooltip action テキストが更新された場合、次の表示に反映されること","status":"passed","title":"テキストが更新された場合、次の表示に反映されること","duration":0.7873749999998836,"failureMessages":[],"meta":{},"tags":[]},{"ancestorTitles":["tooltip action"],"fullName":"tooltip action destroy 時にイベントリスナーが解除されること","status":"passed","title":"destroy 時にイベントリスナーが解除されること","duration":0.9253340000000208,"failureMessages":[],"meta":{},"tags":[]}],"startTime":1777207051178,"endTime":1777207051194.9253,"status":"passed","message":"","name":"/workspaces/TagUtil/src/renderer/src/actions/tooltip.test.ts"},{"assertionResults":[{"ancestorTitles":["error-handler"],"fullName":"error-handler window.onerror が呼ばれたとき、エラーメッセージをログに記録すること","status":"passed","title":"window.onerror が呼ばれたとき、エラーメッセージをログに記録すること","duration":1.9504589999996824,"failureMessages":[],"meta":{},"tags":[]},{"ancestorTitles":["error-handler"],"fullName":"error-handler Errorオブジェクトを伴う window.onerror が呼ばれたとき、そのメッセージを記録すること","status":"passed","title":"Errorオブジェクトを伴う window.onerror が呼ばれたとき、そのメッセージを記録すること","duration":0.19104199999992488,"failureMessages":[],"meta":{},"tags":[]},{"ancestorTitles":["error-handler"],"fullName":"error-handler window.onunhandledrejection が呼ばれたとき、エラーメッセージを記録すること","status":"passed","title":"window.onunhandledrejection が呼ばれたとき、エラーメッセージを記録すること","duration":0.41624999999976353,"failureMessages":[],"meta":{},"tags":[]},{"ancestorTitles":["error-handler"],"fullName":"error-handler window.onunhandledrejection が Error 以外の理由で呼ばれた場合も適切に記録されること","status":"passed","title":"window.onunhandledrejection が Error 以外の理由で呼ばれた場合も適切に記録されること","duration":0.1906250000001819,"failureMessages":[],"meta":{},"tags":[]}],"startTime":1777207051851,"endTime":1777207051853.4163,"status":"passed","message":"","name":"/workspaces/TagUtil/src/renderer/src/infrastructure/error-handler.test.ts"},{"assertionResults":[{"ancestorTitles":["fileActions","renameSelectedFiles"],"fullName":"fileActions renameSelectedFiles 選択されたトラックがない場合は何もしないこと","status":"passed","title":"選択されたトラックがない場合は何もしないこと","duration":4.848250000000007,"failureMessages":[],"meta":{},"tags":[]},{"ancestorTitles":["fileActions","renameSelectedFiles"],"fullName":"fileActions renameSelectedFiles トラックのリネームが成功した場合、ストアを更新すること","status":"passed","title":"トラックのリネームが成功した場合、ストアを更新すること","duration":2.5908749999999827,"failureMessages":[],"meta":{},"tags":[]},{"ancestorTitles":["fileActions","renameSelectedFiles"],"fullName":"fileActions renameSelectedFiles パス生成に失敗した場合は処理を中断すること","status":"passed","title":"パス生成に失敗した場合は処理を中断すること","duration":0.6383749999999964,"failureMessages":[],"meta":{},"tags":[]},{"ancestorTitles":["fileActions","renameSelectedFiles"],"fullName":"fileActions renameSelectedFiles 物理的なリネームに失敗した場合は処理を中断すること","status":"passed","title":"物理的なリネームに失敗した場合は処理を中断すること","duration":0.31133299999999053,"failureMessages":[],"meta":{},"tags":[]}],"startTime":1777207048544,"endTime":1777207048552.3113,"status":"passed","message":"","name":"/workspaces/TagUtil/src/renderer/src/services/file-actions.test.ts"},{"assertionResults":[{"ancestorTitles":["tagActions","applySelectedMultiFieldChange"],"fullName":"tagActions applySelectedMultiFieldChange oldValue がある場合、古い値を削除して新しい値を追加すること","status":"passed","title":"oldValue がある場合、古い値を削除して新しい値を追加すること","duration":7.61708299999998,"failureMessages":[],"meta":{},"tags":[]},{"ancestorTitles":["tagActions","applySelectedMultiFieldChange"],"fullName":"tagActions applySelectedMultiFieldChange oldValue が undefined の場合、削除処理をスキップすること","status":"passed","title":"oldValue が undefined の場合、削除処理をスキップすること","duration":1.8628330000000233,"failureMessages":[],"meta":{},"tags":[]},{"ancestorTitles":["tagActions","applySelectedMultiFieldChange"],"fullName":"tagActions applySelectedMultiFieldChange newValue が空文字列の場合、追加処理をスキップすること","status":"passed","title":"newValue が空文字列の場合、追加処理をスキップすること","duration":1.169499999999971,"failureMessages":[],"meta":{},"tags":[]},{"ancestorTitles":["tagActions","removeSelectedMultiFieldValue"],"fullName":"tagActions removeSelectedMultiFieldValue 選択中のトラックから指定された値を削除すること","status":"passed","title":"選択中のトラックから指定された値を削除すること","duration":3.4437500000000227,"failureMessages":[],"meta":{},"tags":[]},{"ancestorTitles":["tagActions","revertSelected"],"fullName":"tagActions revertSelected 変更がある選択中トラックを元に戻すこと","status":"passed","title":"変更がある選択中トラックを元に戻すこと","duration":7.822041000000013,"failureMessages":[],"meta":{},"tags":[]},{"ancestorTitles":["tagActions","revertSelected"],"fullName":"tagActions revertSelected 変更がない場合は何もしないこと","status":"passed","title":"変更がない場合は何もしないこと","duration":0.234833999999978,"failureMessages":[],"meta":{},"tags":[]},{"ancestorTitles":["tagActions","saveAllModified"],"fullName":"tagActions saveAllModified 変更がある全トラックを保存すること","status":"passed","title":"変更がある全トラックを保存すること","duration":18.99808399999995,"failureMessages":[],"meta":{},"tags":[]},{"ancestorTitles":["tagActions","saveAllModified"],"fullName":"tagActions saveAllModified 変更がない場合は保存処理をスキップすること","status":"passed","title":"変更がない場合は保存処理をスキップすること","duration":0.30208300000003874,"failureMessages":[],"meta":{},"tags":[]},{"ancestorTitles":["tagActions","openAndScanDirectory"],"fullName":"tagActions openAndScanDirectory リポジトリを呼び出し、取得したトラックをストアに保存すること","status":"passed","title":"リポジトリを呼び出し、取得したトラックをストアに保存すること","duration":0.3082919999999376,"failureMessages":[],"meta":{},"tags":[]},{"ancestorTitles":["tagActions","pickAndApplyPicture"],"fullName":"tagActions pickAndApplyPicture 画像を選択し、エディタを介して適用すること","status":"passed","title":"画像を選択し、エディタを介して適用すること","duration":0.3210829999999305,"failureMessages":[],"meta":{},"tags":[]},{"ancestorTitles":["tagActions","applyAutoNumbering"],"fullName":"tagActions applyAutoNumbering エディタの自動採番を呼び出すこと","status":"passed","title":"エディタの自動採番を呼び出すこと","duration":1.3301660000000766,"failureMessages":[],"meta":{},"tags":[]},{"ancestorTitles":["tagActions","removeArtwork"],"fullName":"tagActions removeArtwork エディタの画像削除を呼び出すこと","status":"passed","title":"エディタの画像削除を呼び出すこと","duration":0.8207919999999831,"failureMessages":[],"meta":{},"tags":[]},{"ancestorTitles":["tagActions","error and edge cases"],"fullName":"tagActions error and edge cases スキャンエラー時にレンダラー側でログを重複して記録しないこと","status":"passed","title":"スキャンエラー時にレンダラー側でログを重複して記録しないこと","duration":0.3881659999999556,"failureMessages":[],"meta":{},"tags":[]},{"ancestorTitles":["tagActions","error and edge cases"],"fullName":"tagActions error and edge cases スキャン件数制限を超えた場合に警告をログに記録すること","status":"passed","title":"スキャン件数制限を超えた場合に警告をログに記録すること","duration":1.2667089999999916,"failureMessages":[],"meta":{},"tags":[]},{"ancestorTitles":["tagActions","error and edge cases"],"fullName":"tagActions error and edge cases 一括保存エラー時にレンダラー側でログを重複して記録しないこと","status":"passed","title":"一括保存エラー時にレンダラー側でログを重複して記録しないこと","duration":0.6884999999999764,"failureMessages":[],"meta":{},"tags":[]},{"ancestorTitles":["tagActions","error and edge cases"],"fullName":"tagActions error and edge cases 画像選択エラー時にレンダラー側でログを重複して記録しないこと","status":"passed","title":"画像選択エラー時にレンダラー側でログを重複して記録しないこと","duration":0.709041999999954,"failureMessages":[],"meta":{},"tags":[]}],"startTime":1777207048624,"endTime":1777207048672.709,"status":"passed","message":"","name":"/workspaces/TagUtil/src/renderer/src/services/tag-actions.test.ts"},{"assertionResults":[{"ancestorTitles":["tagEditor","addMultiFieldValue"],"fullName":"tagEditor addMultiFieldValue 新しい値を複数値フィールドの末尾に追加すること","status":"passed","title":"新しい値を複数値フィールドの末尾に追加すること","duration":1.906791000000112,"failureMessages":[],"meta":{},"tags":[]},{"ancestorTitles":["tagEditor","addMultiFieldValue"],"fullName":"tagEditor addMultiFieldValue 既に存在する値は重複して追加しないこと","status":"passed","title":"既に存在する値は重複して追加しないこと","duration":0.1612089999998716,"failureMessages":[],"meta":{},"tags":[]},{"ancestorTitles":["tagEditor","addMultiFieldValue"],"fullName":"tagEditor addMultiFieldValue 空の配列に対しても正しく追加できること","status":"passed","title":"空の配列に対しても正しく追加できること","duration":0.11412500000005821,"failureMessages":[],"meta":{},"tags":[]},{"ancestorTitles":["tagEditor","removeMultiFieldValue"],"fullName":"tagEditor removeMultiFieldValue 指定した値をフィールドから削除すること","status":"passed","title":"指定した値をフィールドから削除すること","duration":0.14075000000002547,"failureMessages":[],"meta":{},"tags":[]},{"ancestorTitles":["tagEditor","removeMultiFieldValue"],"fullName":"tagEditor removeMultiFieldValue 該当する値が複数ある場合、すべて削除すること","status":"passed","title":"該当する値が複数ある場合、すべて削除すること","duration":0.11695800000006784,"failureMessages":[],"meta":{},"tags":[]},{"ancestorTitles":["tagEditor","removeMultiFieldValue"],"fullName":"tagEditor removeMultiFieldValue 存在しない値を削除しようとしても変化がないこと","status":"passed","title":"存在しない値を削除しようとしても変化がないこと","duration":0.08929200000011406,"failureMessages":[],"meta":{},"tags":[]},{"ancestorTitles":["tagEditor","updateMultiField"],"fullName":"tagEditor updateMultiField 指定したインデックスの値を更新すること","status":"passed","title":"指定したインデックスの値を更新すること","duration":0.11674999999991087,"failureMessages":[],"meta":{},"tags":[]},{"ancestorTitles":["tagEditor","applyPicture"],"fullName":"tagEditor applyPicture すべてのトラックに同じ画像情報を適用すること","status":"passed","title":"すべてのトラックに同じ画像情報を適用すること","duration":0.4569170000002032,"failureMessages":[],"meta":{},"tags":[]},{"ancestorTitles":["tagEditor","removePicture"],"fullName":"tagEditor removePicture すべてのトラックから画像を削除すること","status":"passed","title":"すべてのトラックから画像を削除すること","duration":0.14641699999992852,"failureMessages":[],"meta":{},"tags":[]}],"startTime":1777207049592,"endTime":1777207049595.457,"status":"passed","message":"","name":"/workspaces/TagUtil/src/renderer/src/services/tag-editor.test.ts"},{"assertionResults":[{"ancestorTitles":["LogStore"],"fullName":"LogStore 初期状態は空であること","status":"passed","title":"初期状態は空であること","duration":1.7135840000000826,"failureMessages":[],"meta":{},"tags":[]},{"ancestorTitles":["LogStore"],"fullName":"LogStore addLog でログを追加できること","status":"passed","title":"addLog でログを追加できること","duration":0.7918339999999944,"failureMessages":[],"meta":{},"tags":[]},{"ancestorTitles":["LogStore"],"fullName":"LogStore addError でエラーログを追加できること","status":"passed","title":"addError でエラーログを追加できること","duration":3.408957999999984,"failureMessages":[],"meta":{},"tags":[]},{"ancestorTitles":["LogStore"],"fullName":"LogStore addWarn で警告ログを追加できること","status":"passed","title":"addWarn で警告ログを追加できること","duration":0.3022919999999658,"failureMessages":[],"meta":{},"tags":[]},{"ancestorTitles":["LogStore"],"fullName":"LogStore 最大件数（100件）を超えたら古いものから削除されること","status":"passed","title":"最大件数（100件）を超えたら古いものから削除されること","duration":0.45758299999999963,"failureMessages":[],"meta":{},"tags":[]}],"startTime":1777207048995,"endTime":1777207049001.4575,"status":"passed","message":"","name":"/workspaces/TagUtil/src/renderer/src/stores/log-store.svelte.test.ts"},{"assertionResults":[{"ancestorTitles":["ModalStore"],"fullName":"ModalStore 初期状態では閉じていること","status":"passed","title":"初期状態では閉じていること","duration":1.184041999999863,"failureMessages":[],"meta":{},"tags":[]},{"ancestorTitles":["ModalStore"],"fullName":"ModalStore confirm を呼ぶと isOpen が true になり、オプションが正しく設定されること","status":"passed","title":"confirm を呼ぶと isOpen が true になり、オプションが正しく設定されること","duration":0.24383300000044983,"failureMessages":[],"meta":{},"tags":[]},{"ancestorTitles":["ModalStore"],"fullName":"ModalStore handleConfirm を呼ぶと Promise が true で解決され、閉じられること","status":"passed","title":"handleConfirm を呼ぶと Promise が true で解決され、閉じられること","duration":0.10104199999932462,"failureMessages":[],"meta":{},"tags":[]},{"ancestorTitles":["ModalStore"],"fullName":"ModalStore handleCancel を呼ぶと Promise が false で解決され、閉じられること","status":"passed","title":"handleCancel を呼ぶと Promise が false で解決され、閉じられること","duration":0.09112499999991996,"failureMessages":[],"meta":{},"tags":[]},{"ancestorTitles":["ModalStore"],"fullName":"ModalStore 新しい confirm を呼ぶと、以前の Promise は false で解決されること","status":"passed","title":"新しい confirm を呼ぶと、以前の Promise は false で解決されること","duration":0.10779199999979028,"failureMessages":[],"meta":{},"tags":[]}],"startTime":1777207059916,"endTime":1777207059918.244,"status":"passed","message":"","name":"/workspaces/TagUtil/src/renderer/src/stores/modal-store.test.ts"},{"assertionResults":[{"ancestorTitles":["SelectionState"],"fullName":"SelectionState 初期状態では選択がなく、インデックスも null であること","status":"passed","title":"初期状態では選択がなく、インデックスも null であること","duration":1.1039580000000342,"failureMessages":[],"meta":{},"tags":[]},{"ancestorTitles":["SelectionState"],"fullName":"SelectionState selectSingle でインデックスが正しく更新されること","status":"passed","title":"selectSingle でインデックスが正しく更新されること","duration":0.13012499999990723,"failureMessages":[],"meta":{},"tags":[]},{"ancestorTitles":["SelectionState"],"fullName":"SelectionState selectNext で次の項目が選択されること","status":"passed","title":"selectNext で次の項目が選択されること","duration":0.126041999999984,"failureMessages":[],"meta":{},"tags":[]},{"ancestorTitles":["SelectionState"],"fullName":"SelectionState selectPrevious で前の項目が選択されること","status":"passed","title":"selectPrevious で前の項目が選択されること","duration":0.11000000000001364,"failureMessages":[],"meta":{},"tags":[]},{"ancestorTitles":["SelectionState"],"fullName":"SelectionState 末尾で selectNext を呼んでも範囲外にならないこと","status":"passed","title":"末尾で selectNext を呼んでも範囲外にならないこと","duration":0.05666699999994762,"failureMessages":[],"meta":{},"tags":[]},{"ancestorTitles":["SelectionState"],"fullName":"SelectionState 先頭で selectPrevious を呼んでも範囲外にならないこと","status":"passed","title":"先頭で selectPrevious を呼んでも範囲外にならないこと","duration":0.06058400000006259,"failureMessages":[],"meta":{},"tags":[]},{"ancestorTitles":["SelectionState"],"fullName":"SelectionState 未選択状態で selectNext を呼ぶと先頭が選択されること","status":"passed","title":"未選択状態で selectNext を呼ぶと先頭が選択されること","duration":0.04854199999999764,"failureMessages":[],"meta":{},"tags":[]},{"ancestorTitles":["SelectionState"],"fullName":"SelectionState 未選択状態で selectPrevious を呼ぶと末尾が選択されること","status":"passed","title":"未選択状態で selectPrevious を呼ぶと末尾が選択されること","duration":0.05704100000002654,"failureMessages":[],"meta":{},"tags":[]},{"ancestorTitles":["SelectionState"],"fullName":"SelectionState selectRange で複数の項目が選択されること","status":"passed","title":"selectRange で複数の項目が選択されること","duration":0.1129999999999427,"failureMessages":[],"meta":{},"tags":[]},{"ancestorTitles":["SelectionState"],"fullName":"SelectionState selectAll で全ての項目が選択され、最後のインデックスが更新されること","status":"passed","title":"selectAll で全ての項目が選択され、最後のインデックスが更新されること","duration":0.1332079999999678,"failureMessages":[],"meta":{},"tags":[]},{"ancestorTitles":["SelectionState"],"fullName":"SelectionState 空配列で selectAll を呼んだ場合にインデックスが null になること","status":"passed","title":"空配列で selectAll を呼んだ場合にインデックスが null になること","duration":0.08962500000006912,"failureMessages":[],"meta":{},"tags":[]}],"startTime":1777207050876,"endTime":1777207050878.1333,"status":"passed","message":"","name":"/workspaces/TagUtil/src/renderer/src/stores/selection-state.test.ts"},{"assertionResults":[{"ancestorTitles":["SettingsStore"],"fullName":"SettingsStore 初期状態は undefined であり、コンストラクタで refresh が呼ばれること","status":"passed","title":"初期状態は undefined であり、コンストラクタで refresh が呼ばれること","duration":53.74158299999999,"failureMessages":[],"meta":{},"tags":[]},{"ancestorTitles":["SettingsStore"],"fullName":"SettingsStore refresh 成功時に設定が更新されること","status":"passed","title":"refresh 成功時に設定が更新されること","duration":51.284250000000156,"failureMessages":[],"meta":{},"tags":[]}],"startTime":1777207051175,"endTime":1777207051280.2842,"status":"passed","message":"","name":"/workspaces/TagUtil/src/renderer/src/stores/settings-store.svelte.test.ts"},{"assertionResults":[{"ancestorTitles":["TooltipStore"],"fullName":"TooltipStore 初期状態は非表示であること","status":"passed","title":"初期状態は非表示であること","duration":0.9454999999999814,"failureMessages":[],"meta":{},"tags":[]},{"ancestorTitles":["TooltipStore"],"fullName":"TooltipStore show を呼ぶと表示状態になり、テキストとアンカー名が保持されること","status":"passed","title":"show を呼ぶと表示状態になり、テキストとアンカー名が保持されること","duration":0.12312500000001592,"failureMessages":[],"meta":{},"tags":[]},{"ancestorTitles":["TooltipStore"],"fullName":"TooltipStore hide を呼ぶと非表示状態になること","status":"passed","title":"hide を呼ぶと非表示状態になること","duration":0.055458999999984826,"failureMessages":[],"meta":{},"tags":[]}],"startTime":1777207052579,"endTime":1777207052580.123,"status":"passed","message":"","name":"/workspaces/TagUtil/src/renderer/src/stores/tooltip-store.test.ts"},{"assertionResults":[{"ancestorTitles":["TrackRecord"],"fullName":"TrackRecord インスタンス化時に初期状態を正しくスナップショットすること","status":"passed","title":"インスタンス化時に初期状態を正しくスナップショットすること","duration":2.073500000000081,"failureMessages":[],"meta":{},"tags":[]},{"ancestorTitles":["TrackRecord"],"fullName":"TrackRecord メタデータを変更すると isModified が true になること","status":"passed","title":"メタデータを変更すると isModified が true になること","duration":0.17700000000002092,"failureMessages":[],"meta":{},"tags":[]},{"ancestorTitles":["TrackRecord"],"fullName":"TrackRecord メタデータを元に戻すと isModified が false になること","status":"passed","title":"メタデータを元に戻すと isModified が false になること","duration":0.15654099999994742,"failureMessages":[],"meta":{},"tags":[]},{"ancestorTitles":["TrackRecord"],"fullName":"TrackRecord markAsSaved を呼ぶと現在の状態が新しいスナップショットになること","status":"passed","title":"markAsSaved を呼ぶと現在の状態が新しいスナップショットになること","duration":0.12895800000001145,"failureMessages":[],"meta":{},"tags":[]},{"ancestorTitles":["TrackRecord"],"fullName":"TrackRecord toFlacTrack が現在の状態を正しく返すこと","status":"passed","title":"toFlacTrack が現在の状態を正しく返すこと","duration":0.10912499999994907,"failureMessages":[],"meta":{},"tags":[]}],"startTime":1777207050711,"endTime":1777207050713.177,"status":"passed","message":"","name":"/workspaces/TagUtil/src/renderer/src/stores/track-record.test.ts"},{"assertionResults":[{"ancestorTitles":["TrackStore"],"fullName":"TrackStore 初期状態では tracks が空であること","status":"passed","title":"初期状態では tracks が空であること","duration":4.525874999999928,"failureMessages":[],"meta":{},"tags":[]},{"ancestorTitles":["TrackStore"],"fullName":"TrackStore selectedTracks が選択状態に応じて正しくフィルタリングされること","status":"passed","title":"selectedTracks が選択状態に応じて正しくフィルタリングされること","duration":0.4897080000000642,"failureMessages":[],"meta":{},"tags":[]},{"ancestorTitles":["TrackStore"],"fullName":"TrackStore allGenres がデフォルトジャンルとトラック内のジャンルをマージしてソートすること","status":"passed","title":"allGenres がデフォルトジャンルとトラック内のジャンルをマージしてソートすること","duration":0.8456660000000511,"failureMessages":[],"meta":{},"tags":[]},{"ancestorTitles":["TrackStore"],"fullName":"TrackStore commonMetadata が選択中のトラックから導出されること","status":"passed","title":"commonMetadata が選択中のトラックから導出されること","duration":0.5199589999999716,"failureMessages":[],"meta":{},"tags":[]},{"ancestorTitles":["TrackStore"],"fullName":"TrackStore commonImageUrl が選択中のトラックの共通カバーアートを返すこと","status":"passed","title":"commonImageUrl が選択中のトラックの共通カバーアートを返すこと","duration":3.938541999999984,"failureMessages":[],"meta":{},"tags":[]},{"ancestorTitles":["TrackStore"],"fullName":"TrackStore カバーアートが不一致の場合は commonImageUrl が null を返すこと","status":"passed","title":"カバーアートが不一致の場合は commonImageUrl が null を返すこと","duration":0.2085419999999658,"failureMessages":[],"meta":{},"tags":[]}],"startTime":1777207048507,"endTime":1777207048518.2085,"status":"passed","message":"","name":"/workspaces/TagUtil/src/renderer/src/stores/track-store.test.ts"},{"assertionResults":[{"ancestorTitles":["UiState"],"fullName":"UiState 初期状態が正しいこと","status":"passed","title":"初期状態が正しいこと","duration":1.11262499999998,"failureMessages":[],"meta":{},"tags":[]},{"ancestorTitles":["UiState"],"fullName":"UiState startLoading で isLoading が true になること","status":"passed","title":"startLoading で isLoading が true になること","duration":0.12454200000001947,"failureMessages":[],"meta":{},"tags":[]},{"ancestorTitles":["UiState"],"fullName":"UiState stopLoading で isLoading が false になること","status":"passed","title":"stopLoading で isLoading が false になること","duration":0.06899999999995998,"failureMessages":[],"meta":{},"tags":[]},{"ancestorTitles":["UiState"],"fullName":"UiState 状態をクリアできること","status":"passed","title":"状態をクリアできること","duration":0.06949999999994816,"failureMessages":[],"meta":{},"tags":[]}],"startTime":1777207052407,"endTime":1777207052409.1245,"status":"passed","message":"","name":"/workspaces/TagUtil/src/renderer/src/stores/ui-state.test.ts"},{"assertionResults":[{"ancestorTitles":["concurrency utility","pooledAll"],"fullName":"concurrency utility pooledAll 全てのタスクが実行され、結果の順序が維持されること","status":"passed","title":"全てのタスクが実行され、結果の順序が維持されること","duration":3.7389159999999606,"failureMessages":[],"meta":{},"tags":[]},{"ancestorTitles":["concurrency utility","pooledAll"],"fullName":"concurrency utility pooledAll 同時実行数が制限されていること","status":"passed","title":"同時実行数が制限されていること","duration":34.01854100000003,"failureMessages":[],"meta":{},"tags":[]},{"ancestorTitles":["concurrency utility","pooledAll"],"fullName":"concurrency utility pooledAll エラーが発生したタスクがあっても他のタスクの結果を収集すること (Promise.allと同様の挙動)","status":"passed","title":"エラーが発生したタスクがあっても他のタスクの結果を収集すること (Promise.allと同様の挙動)","duration":0.8489579999999819,"failureMessages":[],"meta":{},"tags":[]}],"startTime":1777207047849,"endTime":1777207047887.8489,"status":"passed","message":"","name":"/workspaces/TagUtil/src/renderer/src/utils/concurrency.test.ts"},{"assertionResults":[{"ancestorTitles":["crypto","computeSha256"],"fullName":"crypto computeSha256 Uint8Array データの SHA-256 ハッシュを正しく計算すること","status":"passed","title":"Uint8Array データの SHA-256 ハッシュを正しく計算すること","duration":2.0007499999999823,"failureMessages":[],"meta":{},"tags":[]},{"ancestorTitles":["crypto","computeSha256"],"fullName":"crypto computeSha256 空データのハッシュを正しく計算すること","status":"passed","title":"空データのハッシュを正しく計算すること","duration":0.18866700000000947,"failureMessages":[],"meta":{},"tags":[]}],"startTime":1777207051498,"endTime":1777207051500.1887,"status":"passed","message":"","name":"/workspaces/TagUtil/src/renderer/src/utils/crypto.test.ts"},{"assertionResults":[{"ancestorTitles":["dom-utils","isInputFocused"],"fullName":"dom-utils isInputFocused INPUT要素にフォーカスがある場合に true を返すこと","status":"passed","title":"INPUT要素にフォーカスがある場合に true を返すこと","duration":2.381582999999864,"failureMessages":[],"meta":{},"tags":[]},{"ancestorTitles":["dom-utils","isInputFocused"],"fullName":"dom-utils isInputFocused TEXTAREA要素にフォーカスがある場合に true を返すこと","status":"passed","title":"TEXTAREA要素にフォーカスがある場合に true を返すこと","duration":0.399167000000034,"failureMessages":[],"meta":{},"tags":[]},{"ancestorTitles":["dom-utils","isInputFocused"],"fullName":"dom-utils isInputFocused contenteditable属性を持つ要素にフォーカスがある場合に true を返すこと","status":"passed","title":"contenteditable属性を持つ要素にフォーカスがある場合に true を返すこと","duration":0.24808299999995143,"failureMessages":[],"meta":{},"tags":[]},{"ancestorTitles":["dom-utils","isInputFocused"],"fullName":"dom-utils isInputFocused 入力不可な要素にフォーカスがある場合に false を返すこと","status":"passed","title":"入力不可な要素にフォーカスがある場合に false を返すこと","duration":0.19495899999992616,"failureMessages":[],"meta":{},"tags":[]},{"ancestorTitles":["dom-utils","isInputFocused"],"fullName":"dom-utils isInputFocused フォーカスがない場合に false を返すこと","status":"passed","title":"フォーカスがない場合に false を返すこと","duration":0.08133399999996982,"failureMessages":[],"meta":{},"tags":[]}],"startTime":1777207051934,"endTime":1777207051938.0813,"status":"passed","message":"","name":"/workspaces/TagUtil/src/renderer/src/utils/dom-utils.test.ts"},{"assertionResults":[{"ancestorTitles":["createImageUrl"],"fullName":"createImageUrl 正しい Picture オブジェクトからカスタムプロトコルURLを生成すること","status":"passed","title":"正しい Picture オブジェクトからカスタムプロトコルURLを生成すること","duration":1.0591249999999945,"failureMessages":[],"meta":{},"tags":[]},{"ancestorTitles":["createImageUrl"],"fullName":"createImageUrl picture が null の場合は null を返すこと","status":"passed","title":"picture が null の場合は null を返すこと","duration":0.09762499999999363,"failureMessages":[],"meta":{},"tags":[]},{"ancestorTitles":["createImageUrl"],"fullName":"createImageUrl picture が undefined の場合は null を返すこと","status":"passed","title":"picture が undefined の場合は null を返すこと","duration":0.0508750000000191,"failureMessages":[],"meta":{},"tags":[]},{"ancestorTitles":["createImageUrl"],"fullName":"createImageUrl sourcePath が欠落している場合は null を返すこと","status":"passed","title":"sourcePath が欠落している場合は null を返すこと","duration":0.04620799999997871,"failureMessages":[],"meta":{},"tags":[]},{"ancestorTitles":["createImageUrl"],"fullName":"createImageUrl sourcePath が空文字列の場合は null を返すこと","status":"passed","title":"sourcePath が空文字列の場合は null を返すこと","duration":0.04495800000000827,"failureMessages":[],"meta":{},"tags":[]}],"startTime":1777207052764,"endTime":1777207052766.0461,"status":"passed","message":"","name":"/workspaces/TagUtil/src/renderer/src/utils/image.test.ts"},{"assertionResults":[{"ancestorTitles":["KeyboardHandler"],"fullName":"KeyboardHandler 登録されたキーが押された時にハンドラーが実行されること","status":"passed","title":"登録されたキーが押された時にハンドラーが実行されること","duration":1.4031669999999394,"failureMessages":[],"meta":{},"tags":[]},{"ancestorTitles":["KeyboardHandler"],"fullName":"KeyboardHandler 大文字小文字を区別せずに判定すること","status":"passed","title":"大文字小文字を区別せずに判定すること","duration":0.1354999999998654,"failureMessages":[],"meta":{},"tags":[]},{"ancestorTitles":["KeyboardHandler","修飾キー（ctrl）の判定"],"fullName":"KeyboardHandler 修飾キー（ctrl）の判定 isMac が true の環境では ctrl は Meta キーとして扱われること","status":"passed","title":"isMac が true の環境では ctrl は Meta キーとして扱われること","duration":0.44229200000017954,"failureMessages":[],"meta":{},"tags":[]},{"ancestorTitles":["KeyboardHandler","修飾キー（ctrl）の判定"],"fullName":"KeyboardHandler 修飾キー（ctrl）の判定 isMac が false の環境では ctrl は Control キーとして扱われること","status":"passed","title":"isMac が false の環境では ctrl は Control キーとして扱われること","duration":0.31679199999962293,"failureMessages":[],"meta":{},"tags":[]},{"ancestorTitles":["KeyboardHandler"],"fullName":"KeyboardHandler preventDefault が true の場合に event.preventDefault が呼ばれること","status":"passed","title":"preventDefault が true の場合に event.preventDefault が呼ばれること","duration":0.3627089999999953,"failureMessages":[],"meta":{},"tags":[]},{"ancestorTitles":["KeyboardHandler"],"fullName":"KeyboardHandler enabled が false を返す場合はハンドラーが実行されないこと","status":"passed","title":"enabled が false を返す場合はハンドラーが実行されないこと","duration":0.14112500000010186,"failureMessages":[],"meta":{},"tags":[]}],"startTime":1777207052159,"endTime":1777207052162.141,"status":"passed","message":"","name":"/workspaces/TagUtil/src/renderer/src/utils/keyboard-handler.test.ts"},{"assertionResults":[{"ancestorTitles":["getAllPathsFromDropEvent"],"fullName":"getAllPathsFromDropEvent ドロップされたファイルからパスを抽出すること","status":"passed","title":"ドロップされたファイルからパスを抽出すること","duration":1.5524169999999913,"failureMessages":[],"meta":{},"tags":[]},{"ancestorTitles":["getAllPathsFromDropEvent"],"fullName":"getAllPathsFromDropEvent dataTransfer がない場合は空配列を返すこと","status":"passed","title":"dataTransfer がない場合は空配列を返すこと","duration":0.12716599999998834,"failureMessages":[],"meta":{},"tags":[]},{"ancestorTitles":["getAllPathsFromDropEvent"],"fullName":"getAllPathsFromDropEvent files が空の場合は空配列を返すこと","status":"passed","title":"files が空の場合は空配列を返すこと","duration":0.08550000000002456,"failureMessages":[],"meta":{},"tags":[]},{"ancestorTitles":["getAllPathsFromDropEvent"],"fullName":"getAllPathsFromDropEvent getPathForFile が null を返した場合はフィルタリングされること","status":"passed","title":"getPathForFile が null を返した場合はフィルタリングされること","duration":0.11545799999998962,"failureMessages":[],"meta":{},"tags":[]}],"startTime":1777207051829,"endTime":1777207051830.5525,"status":"passed","message":"","name":"/workspaces/TagUtil/src/renderer/src/infrastructure/adapters/file-drop-adapter.test.ts"},{"assertionResults":[{"ancestorTitles":["path-adapter","generateNewPath"],"fullName":"path-adapter generateNewPath window.api.generateNewPath を呼び出すこと","status":"passed","title":"window.api.generateNewPath を呼び出すこと","duration":3.0367080000000897,"failureMessages":[],"meta":{},"tags":[]}],"startTime":1777207049612,"endTime":1777207049615.0366,"status":"passed","message":"","name":"/workspaces/TagUtil/src/renderer/src/infrastructure/adapters/path-adapter.test.ts"},{"assertionResults":[{"ancestorTitles":["platform-adapter"],"fullName":"platform-adapter Windows 環境の場合、initializePlatform 呼び出し後に IS_MAC が false になること","status":"passed","title":"Windows 環境の場合、initializePlatform 呼び出し後に IS_MAC が false になること","duration":1.4084589999999935,"failureMessages":[],"meta":{},"tags":[]},{"ancestorTitles":["platform-adapter"],"fullName":"platform-adapter Mac 環境の場合、initializePlatform 呼び出し後に IS_MAC が true になること","status":"passed","title":"Mac 環境の場合、initializePlatform 呼び出し後に IS_MAC が true になること","duration":0.1302079999999819,"failureMessages":[],"meta":{},"tags":[]}],"startTime":1777207051563,"endTime":1777207051564.4084,"status":"passed","message":"","name":"/workspaces/TagUtil/src/renderer/src/infrastructure/adapters/platform-adapter.test.ts"},{"assertionResults":[{"ancestorTitles":["file-repository","renameFile"],"fullName":"file-repository renameFile window.api.renameFile を呼び出すこと","status":"passed","title":"window.api.renameFile を呼び出すこと","duration":2.087750000000028,"failureMessages":[],"meta":{},"tags":[]}],"startTime":1777207051617,"endTime":1777207051619.0876,"status":"passed","message":"","name":"/workspaces/TagUtil/src/renderer/src/infrastructure/repositories/file-repository.test.ts"},{"assertionResults":[{"ancestorTitles":["LogRepository"],"fullName":"LogRepository subscribe が window.api.onLogMessage を呼び出すこと","status":"passed","title":"subscribe が window.api.onLogMessage を呼び出すこと","duration":1.9585419999999942,"failureMessages":[],"meta":{},"tags":[]}],"startTime":1777207051753,"endTime":1777207051754.9585,"status":"passed","message":"","name":"/workspaces/TagUtil/src/renderer/src/infrastructure/repositories/log-repository.test.ts"},{"assertionResults":[{"ancestorTitles":["settings-repository","getSettings"],"fullName":"settings-repository getSettings window.api.getSettings を呼び出し、結果を返却すること","status":"passed","title":"window.api.getSettings を呼び出し、結果を返却すること","duration":1.9412080000000174,"failureMessages":[],"meta":{},"tags":[]},{"ancestorTitles":["settings-repository","updateSettings"],"fullName":"settings-repository updateSettings window.api.updateSettings を正しい引数で呼び出すこと","status":"passed","title":"window.api.updateSettings を正しい引数で呼び出すこと","duration":0.6107499999999959,"failureMessages":[],"meta":{},"tags":[]}],"startTime":1777207049922,"endTime":1777207049924.6108,"status":"passed","message":"","name":"/workspaces/TagUtil/src/renderer/src/infrastructure/repositories/settings-repository.test.ts"},{"assertionResults":[{"ancestorTitles":["tag-repository","readMetadata"],"fullName":"tag-repository readMetadata window.api.readMetadata を呼び出すこと","status":"passed","title":"window.api.readMetadata を呼び出すこと","duration":3.0382909999999583,"failureMessages":[],"meta":{},"tags":[]},{"ancestorTitles":["tag-repository","loadTracksFromPaths"],"fullName":"tag-repository loadTracksFromPaths ディレクトリをスキャンして全てのトラックを読み込むこと","status":"passed","title":"ディレクトリをスキャンして全てのトラックを読み込むこと","duration":2.3974580000000287,"failureMessages":[],"meta":{},"tags":[]},{"ancestorTitles":["tag-repository","loadTracksFromPaths"],"fullName":"tag-repository loadTracksFromPaths スキャンに失敗した場合はエラーを返すこと","status":"passed","title":"スキャンに失敗した場合はエラーを返すこと","duration":0.6654580000000578,"failureMessages":[],"meta":{},"tags":[]},{"ancestorTitles":["tag-repository","saveTracks"],"fullName":"tag-repository saveTracks 全てのトラックに対して保存を試行すること","status":"passed","title":"全てのトラックに対して保存を試行すること","duration":1.345124999999939,"failureMessages":[],"meta":{},"tags":[]},{"ancestorTitles":["tag-repository","saveTracks"],"fullName":"tag-repository saveTracks 一部が失敗しても全ての保存を試行し、エラーを集約すること","status":"passed","title":"一部が失敗しても全ての保存を試行し、エラーを集約すること","duration":2.680917000000022,"failureMessages":[],"meta":{},"tags":[]},{"ancestorTitles":["tag-repository","scanAndLoadTracks"],"fullName":"tag-repository scanAndLoadTracks ディレクトリを選択してスキャンを実行すること","status":"passed","title":"ディレクトリを選択してスキャンを実行すること","duration":0.6754999999999427,"failureMessages":[],"meta":{},"tags":[]},{"ancestorTitles":["tag-repository","scanAndLoadTracks"],"fullName":"tag-repository scanAndLoadTracks ディレクトリ選択がキャンセルされた場合は null を返すこと","status":"passed","title":"ディレクトリ選択がキャンセルされた場合は null を返すこと","duration":0.6566249999999627,"failureMessages":[],"meta":{},"tags":[]},{"ancestorTitles":["tag-repository","pickImage"],"fullName":"tag-repository pickImage window.api.pickImage を呼び出すこと","status":"passed","title":"window.api.pickImage を呼び出すこと","duration":0.44137499999999363,"failureMessages":[],"meta":{},"tags":[]},{"ancestorTitles":["tag-repository","getImageInfo"],"fullName":"tag-repository getImageInfo window.api.getImageInfo を呼び出すこと","status":"passed","title":"window.api.getImageInfo を呼び出すこと","duration":0.3043330000000424,"failureMessages":[],"meta":{},"tags":[]}],"startTime":1777207048855,"endTime":1777207048868.3044,"status":"passed","message":"","name":"/workspaces/TagUtil/src/renderer/src/infrastructure/repositories/tag-repository.test.ts"}],"coverageMap":{"/workspaces/TagUtil/src/domain/common/log.ts":{"path":"/workspaces/TagUtil/src/domain/common/log.ts","statementMap":{"0":{"start":{"line":41,"column":32},"end":{"line":49,"column":null}},"1":{"start":{"line":42,"column":2},"end":{"line":48,"column":null}}},"fnMap":{"0":{"name":"(anonymous_0)","decl":{"start":{"line":41,"column":32},"end":{"line":41,"column":33}},"loc":{"start":{"line":41,"column":67},"end":{"line":49,"column":null}},"line":41}},"branchMap":{},"s":{"0":4,"1":8},"f":{"0":8},"b":{},"meta":{"lastBranch":0,"lastFunction":1,"lastStatement":2,"seen":{"s:41:32:49:Infinity":0,"f:41:32:41:33":0,"s:42:2:48:Infinity":1}}},"/workspaces/TagUtil/src/domain/common/messages.ts":{"path":"/workspaces/TagUtil/src/domain/common/messages.ts","statementMap":{"0":{"start":{"line":4,"column":24},"end":{"line":17,"column":null}}},"fnMap":{},"branchMap":{},"s":{"0":3},"f":{},"b":{},"meta":{"lastBranch":0,"lastFunction":0,"lastStatement":1,"seen":{"s:4:24:17:Infinity":0}}},"/workspaces/TagUtil/src/domain/file-extensions.ts":{"path":"/workspaces/TagUtil/src/domain/file-extensions.ts","statementMap":{"0":{"start":{"line":4,"column":61},"end":{"line":4,"column":null}},"1":{"start":{"line":9,"column":61},"end":{"line":9,"column":null}}},"fnMap":{},"branchMap":{},"s":{"0":1,"1":1},"f":{},"b":{},"meta":{"lastBranch":0,"lastFunction":0,"lastStatement":2,"seen":{"s:4:61:4:Infinity":0,"s:9:61:9:Infinity":1}}},"/workspaces/TagUtil/src/domain/flac/constants.ts":{"path":"/workspaces/TagUtil/src/domain/flac/constants.ts","statementMap":{"0":{"start":{"line":4,"column":31},"end":{"line":11,"column":null}},"1":{"start":{"line":16,"column":32},"end":{"line":23,"column":null}},"2":{"start":{"line":28,"column":30},"end":{"line":41,"column":null}}},"fnMap":{},"branchMap":{},"s":{"0":6,"1":6,"2":6},"f":{},"b":{},"meta":{"lastBranch":0,"lastFunction":0,"lastStatement":3,"seen":{"s:4:31:11:Infinity":0,"s:16:32:23:Infinity":1,"s:28:30:41:Infinity":2}}},"/workspaces/TagUtil/src/domain/flac/app-error-formatter.ts":{"path":"/workspaces/TagUtil/src/domain/flac/app-error-formatter.ts","statementMap":{"0":{"start":{"line":7,"column":26},"end":{"line":12,"column":null}},"1":{"start":{"line":8,"column":16},"end":{"line":8,"column":null}},"2":{"start":{"line":9,"column":17},"end":{"line":9,"column":null}},"3":{"start":{"line":11,"column":2},"end":{"line":11,"column":null}},"4":{"start":{"line":18,"column":30},"end":{"line":26,"column":null}},"5":{"start":{"line":19,"column":2},"end":{"line":25,"column":null}},"6":{"start":{"line":20,"column":4},"end":{"line":20,"column":null}},"7":{"start":{"line":21,"column":2},"end":{"line":25,"column":null}},"8":{"start":{"line":22,"column":4},"end":{"line":22,"column":null}},"9":{"start":{"line":24,"column":4},"end":{"line":24,"column":null}}},"fnMap":{"0":{"name":"(anonymous_0)","decl":{"start":{"line":7,"column":26},"end":{"line":7,"column":27}},"loc":{"start":{"line":7,"column":55},"end":{"line":12,"column":null}},"line":7},"1":{"name":"(anonymous_1)","decl":{"start":{"line":18,"column":30},"end":{"line":18,"column":31}},"loc":{"start":{"line":18,"column":58},"end":{"line":26,"column":null}},"line":18}},"branchMap":{"0":{"loc":{"start":{"line":8,"column":16},"end":{"line":8,"column":null}},"type":"binary-expr","locations":[{"start":{"line":8,"column":16},"end":{"line":8,"column":51}},{"start":{"line":8,"column":51},"end":{"line":8,"column":null}}],"line":8},"1":{"loc":{"start":{"line":11,"column":9},"end":{"line":11,"column":null}},"type":"cond-expr","locations":[{"start":{"line":11,"column":18},"end":{"line":11,"column":42}},{"start":{"line":11,"column":42},"end":{"line":11,"column":null}}],"line":11},"2":{"loc":{"start":{"line":19,"column":2},"end":{"line":25,"column":null}},"type":"if","locations":[{"start":{"line":19,"column":2},"end":{"line":25,"column":null}},{"start":{"line":21,"column":2},"end":{"line":25,"column":null}}],"line":19},"3":{"loc":{"start":{"line":21,"column":2},"end":{"line":25,"column":null}},"type":"if","locations":[{"start":{"line":21,"column":2},"end":{"line":25,"column":null}},{"start":{"line":23,"column":9},"end":{"line":25,"column":null}}],"line":21}},"s":{"0":2,"1":3,"2":3,"3":3,"4":2,"5":6,"6":3,"7":3,"8":1,"9":2},"f":{"0":3,"1":6},"b":{"0":[3,1],"1":[1,2],"2":[3,3],"3":[1,2]},"meta":{"lastBranch":4,"lastFunction":2,"lastStatement":10,"seen":{"s:7:26:12:Infinity":0,"f:7:26:7:27":0,"s:8:16:8:Infinity":1,"b:8:16:8:51:8:51:8:Infinity":0,"s:9:17:9:Infinity":2,"s:11:2:11:Infinity":3,"b:11:18:11:42:11:42:11:Infinity":1,"s:18:30:26:Infinity":4,"f:18:30:18:31":1,"b:19:2:25:Infinity:21:2:25:Infinity":2,"s:19:2:25:Infinity":5,"s:20:4:20:Infinity":6,"b:21:2:25:Infinity:23:9:25:Infinity":3,"s:21:2:25:Infinity":7,"s:22:4:22:Infinity":8,"s:24:4:24:Infinity":9}}},"/workspaces/TagUtil/src/domain/flac/errors.ts":{"path":"/workspaces/TagUtil/src/domain/flac/errors.ts","statementMap":{"0":{"start":{"line":28,"column":2},"end":{"line":33,"column":null}},"1":{"start":{"line":29,"column":2},"end":{"line":33,"column":null}},"2":{"start":{"line":30,"column":5},"end":{"line":33,"column":null}},"3":{"start":{"line":38,"column":26},"end":{"line":48,"column":null}},"4":{"start":{"line":39,"column":2},"end":{"line":41,"column":null}},"5":{"start":{"line":40,"column":4},"end":{"line":40,"column":null}},"6":{"start":{"line":42,"column":20},"end":{"line":42,"column":null}},"7":{"start":{"line":43,"column":2},"end":{"line":46,"column":null}},"8":{"start":{"line":53,"column":25},"end":{"line":60,"column":null}}},"fnMap":{"0":{"name":"(anonymous_0)","decl":{"start":{"line":28,"column":2},"end":{"line":28,"column":3}},"loc":{"start":{"line":29,"column":2},"end":{"line":33,"column":null}},"line":29},"1":{"name":"(anonymous_1)","decl":{"start":{"line":29,"column":2},"end":{"line":29,"column":3}},"loc":{"start":{"line":30,"column":5},"end":{"line":33,"column":null}},"line":30},"2":{"name":"(anonymous_2)","decl":{"start":{"line":38,"column":26},"end":{"line":38,"column":27}},"loc":{"start":{"line":38,"column":65},"end":{"line":48,"column":null}},"line":38}},"branchMap":{"0":{"loc":{"start":{"line":39,"column":2},"end":{"line":41,"column":null}},"type":"if","locations":[{"start":{"line":39,"column":2},"end":{"line":41,"column":null}},{"start":{},"end":{}}],"line":39},"1":{"loc":{"start":{"line":39,"column":6},"end":{"line":39,"column":43}},"type":"binary-expr","locations":[{"start":{"line":39,"column":6},"end":{"line":39,"column":16}},{"start":{"line":39,"column":16},"end":{"line":39,"column":43}}],"line":39},"2":{"loc":{"start":{"line":44,"column":4},"end":{"line":46,"column":null}},"type":"binary-expr","locations":[{"start":{"line":44,"column":4},"end":{"line":44,"column":null}},{"start":{"line":45,"column":4},"end":{"line":45,"column":null}},{"start":{"line":46,"column":4},"end":{"line":46,"column":null}}],"line":44}},"s":{"0":8,"1":48,"2":16,"3":8,"4":6,"5":2,"6":4,"7":4,"8":8},"f":{"0":48,"1":16,"2":6},"b":{"0":[2,4],"1":[6,6],"2":[4,3,3]},"meta":{"lastBranch":3,"lastFunction":3,"lastStatement":9,"seen":{"s:28:2:33:Infinity":0,"f:28:2:28:3":0,"s:29:2:33:Infinity":1,"f:29:2:29:3":1,"s:30:5:33:Infinity":2,"s:38:26:48:Infinity":3,"f:38:26:38:27":2,"b:39:2:41:Infinity:undefined:undefined:undefined:undefined":0,"s:39:2:41:Infinity":4,"b:39:6:39:16:39:16:39:43":1,"s:40:4:40:Infinity":5,"s:42:20:42:Infinity":6,"s:43:2:46:Infinity":7,"b:44:4:44:Infinity:45:4:45:Infinity:46:4:46:Infinity":2,"s:53:25:60:Infinity":8}}},"/workspaces/TagUtil/src/domain/editor/batch-metadata.ts":{"path":"/workspaces/TagUtil/src/domain/editor/batch-metadata.ts","statementMap":{"0":{"start":{"line":12,"column":29},"end":{"line":21,"column":null}},"1":{"start":{"line":26,"column":28},"end":{"line":26,"column":null}},"2":{"start":{"line":58,"column":36},"end":{"line":71,"column":null}},"3":{"start":{"line":61,"column":2},"end":{"line":63,"column":null}},"4":{"start":{"line":62,"column":4},"end":{"line":62,"column":null}},"5":{"start":{"line":65,"column":2},"end":{"line":70,"column":null}},"6":{"start":{"line":76,"column":30},"end":{"line":90,"column":null}},"7":{"start":{"line":77,"column":16},"end":{"line":77,"column":null}},"8":{"start":{"line":78,"column":17},"end":{"line":78,"column":null}},"9":{"start":{"line":80,"column":2},"end":{"line":87,"column":null}},"10":{"start":{"line":81,"column":23},"end":{"line":81,"column":null}},"11":{"start":{"line":82,"column":20},"end":{"line":82,"column":null}},"12":{"start":{"line":82,"column":49},"end":{"line":82,"column":73}},"13":{"start":{"line":84,"column":4},"end":{"line":85,"column":null}},"14":{"start":{"line":89,"column":2},"end":{"line":89,"column":null}},"15":{"start":{"line":95,"column":29},"end":{"line":115,"column":null}},"16":{"start":{"line":96,"column":17},"end":{"line":96,"column":null}},"17":{"start":{"line":98,"column":2},"end":{"line":112,"column":null}},"18":{"start":{"line":99,"column":23},"end":{"line":99,"column":null}},"19":{"start":{"line":100,"column":20},"end":{"line":100,"column":null}},"20":{"start":{"line":100,"column":40},"end":{"line":100,"column":83}},"21":{"start":{"line":102,"column":4},"end":{"line":105,"column":null}},"22":{"start":{"line":103,"column":6},"end":{"line":103,"column":null}},"23":{"start":{"line":104,"column":6},"end":{"line":104,"column":null}},"24":{"start":{"line":107,"column":24},"end":{"line":107,"column":null}},"25":{"start":{"line":107,"column":63},"end":{"line":107,"column":78}},"26":{"start":{"line":107,"column":94},"end":{"line":107,"column":97}},"27":{"start":{"line":109,"column":19},"end":{"line":109,"column":null}},"28":{"start":{"line":109,"column":58},"end":{"line":109,"column":76}},"29":{"start":{"line":111,"column":4},"end":{"line":111,"column":null}},"30":{"start":{"line":114,"column":2},"end":{"line":114,"column":null}},"31":{"start":{"line":120,"column":28},"end":{"line":137,"column":null}},"32":{"start":{"line":121,"column":16},"end":{"line":121,"column":null}},"33":{"start":{"line":124,"column":18},"end":{"line":132,"column":null}},"34":{"start":{"line":125,"column":4},"end":{"line":127,"column":null}},"35":{"start":{"line":126,"column":6},"end":{"line":126,"column":null}},"36":{"start":{"line":128,"column":4},"end":{"line":130,"column":null}},"37":{"start":{"line":129,"column":6},"end":{"line":129,"column":null}},"38":{"start":{"line":131,"column":4},"end":{"line":131,"column":null}},"39":{"start":{"line":134,"column":2},"end":{"line":136,"column":null}},"40":{"start":{"line":142,"column":31},"end":{"line":158,"column":null}},"41":{"start":{"line":143,"column":16},"end":{"line":143,"column":null}},"42":{"start":{"line":144,"column":2},"end":{"line":146,"column":null}},"43":{"start":{"line":145,"column":4},"end":{"line":145,"column":null}},"44":{"start":{"line":148,"column":17},"end":{"line":148,"column":null}},"45":{"start":{"line":150,"column":2},"end":{"line":155,"column":null}},"46":{"start":{"line":151,"column":14},"end":{"line":151,"column":null}},"47":{"start":{"line":152,"column":20},"end":{"line":152,"column":null}},"48":{"start":{"line":152,"column":49},"end":{"line":152,"column":95}},"49":{"start":{"line":154,"column":4},"end":{"line":154,"column":null}},"50":{"start":{"line":157,"column":2},"end":{"line":157,"column":null}}},"fnMap":{"0":{"name":"(anonymous_0)","decl":{"start":{"line":58,"column":36},"end":{"line":58,"column":null}},"loc":{"start":{"line":60,"column":44},"end":{"line":71,"column":null}},"line":60},"1":{"name":"(anonymous_1)","decl":{"start":{"line":76,"column":30},"end":{"line":76,"column":31}},"loc":{"start":{"line":76,"column":84},"end":{"line":90,"column":null}},"line":76},"2":{"name":"(anonymous_2)","decl":{"start":{"line":82,"column":39},"end":{"line":82,"column":40}},"loc":{"start":{"line":82,"column":49},"end":{"line":82,"column":73}},"line":82},"3":{"name":"(anonymous_3)","decl":{"start":{"line":95,"column":29},"end":{"line":95,"column":30}},"loc":{"start":{"line":95,"column":82},"end":{"line":115,"column":null}},"line":95},"4":{"name":"(anonymous_4)","decl":{"start":{"line":100,"column":39},"end":{"line":100,"column":40}},"loc":{"start":{"line":100,"column":40},"end":{"line":100,"column":83}},"line":100},"5":{"name":"(anonymous_5)","decl":{"start":{"line":107,"column":53},"end":{"line":107,"column":54}},"loc":{"start":{"line":107,"column":63},"end":{"line":107,"column":78}},"line":107},"6":{"name":"(anonymous_6)","decl":{"start":{"line":107,"column":87},"end":{"line":107,"column":88}},"loc":{"start":{"line":107,"column":94},"end":{"line":107,"column":97}},"line":107},"7":{"name":"(anonymous_7)","decl":{"start":{"line":109,"column":48},"end":{"line":109,"column":49}},"loc":{"start":{"line":109,"column":58},"end":{"line":109,"column":76}},"line":109},"8":{"name":"(anonymous_8)","decl":{"start":{"line":120,"column":28},"end":{"line":120,"column":29}},"loc":{"start":{"line":120,"column":78},"end":{"line":137,"column":null}},"line":120},"9":{"name":"(anonymous_9)","decl":{"start":{"line":124,"column":37},"end":{"line":124,"column":38}},"loc":{"start":{"line":124,"column":47},"end":{"line":132,"column":3}},"line":124},"10":{"name":"(anonymous_10)","decl":{"start":{"line":142,"column":31},"end":{"line":142,"column":32}},"loc":{"start":{"line":142,"column":93},"end":{"line":158,"column":null}},"line":142},"11":{"name":"(anonymous_11)","decl":{"start":{"line":152,"column":39},"end":{"line":152,"column":40}},"loc":{"start":{"line":152,"column":49},"end":{"line":152,"column":95}},"line":152}},"branchMap":{"0":{"loc":{"start":{"line":61,"column":2},"end":{"line":63,"column":null}},"type":"if","locations":[{"start":{"line":61,"column":2},"end":{"line":63,"column":null}},{"start":{},"end":{}}],"line":61},"1":{"loc":{"start":{"line":85,"column":6},"end":{"line":85,"column":null}},"type":"
[...]
2":{"start":{"line":86,"column":47},"end":{"line":86,"column":55}},"23":{"start":{"line":87,"column":4},"end":{"line":89,"column":null}},"24":{"start":{"line":88,"column":6},"end":{"line":88,"column":null}},"25":{"start":{"line":90,"column":2},"end":{"line":92,"column":null}},"26":{"start":{"line":91,"column":4},"end":{"line":91,"column":null}},"27":{"start":{"line":94,"column":2},"end":{"line":94,"column":null}}},"fnMap":{"0":{"name":"(anonymous_0)","decl":{"start":{"line":14,"column":37},"end":{"line":14,"column":null}},"loc":{"start":{"line":18,"column":15},"end":{"line":23,"column":null}},"line":18},"1":{"name":"(anonymous_1)","decl":{"start":{"line":28,"column":35},"end":{"line":28,"column":36}},"loc":{"start":{"line":28,"column":83},"end":{"line":34,"column":null}},"line":28},"2":{"name":"(anonymous_2)","decl":{"start":{"line":39,"column":26},"end":{"line":39,"column":27}},"loc":{"start":{"line":39,"column":86},"end":{"line":58,"column":null}},"line":39},"3":{"name":"(anonymous_3)","decl":{"start":{"line":55,"column":39},"end":{"line":55,"column":40}},"loc":{"start":{"line":55,"column":62},"end":{"line":57,"column":5}},"line":55},"4":{"name":"(anonymous_4)","decl":{"start":{"line":63,"column":19},"end":{"line":63,"column":null}},"loc":{"start":{"line":67,"column":17},"end":{"line":95,"column":null}},"line":67},"5":{"name":"(anonymous_5)","decl":{"start":{"line":86,"column":40},"end":{"line":86,"column":41}},"loc":{"start":{"line":86,"column":47},"end":{"line":86,"column":55}},"line":86}},"branchMap":{"0":{"loc":{"start":{"line":31,"column":15},"end":{"line":31,"column":null}},"type":"cond-expr","locations":[{"start":{"line":31,"column":37},"end":{"line":31,"column":49}},{"start":{"line":31,"column":49},"end":{"line":31,"column":null}}],"line":31},"1":{"loc":{"start":{"line":68,"column":2},"end":{"line":70,"column":null}},"type":"if","locations":[{"start":{"line":68,"column":2},"end":{"line":70,"column":null}},{"start":{},"end":{}}],"line":68},"2":{"loc":{"start":{"line":84,"column":2},"end":{"line":92,"column":null}},"type":"if","locations":[{"start":{"line":84,"column":2},"end":{"line":92,"column":null}},{"start":{"line":90,"column":2},"end":{"line":92,"column":null}}],"line":84},"3":{"loc":{"start":{"line":87,"column":4},"end":{"line":89,"column":null}},"type":"if","locations":[{"start":{"line":87,"column":4},"end":{"line":89,"column":null}},{"start":{},"end":{}}],"line":87},"4":{"loc":{"start":{"line":90,"column":2},"end":{"line":92,"column":null}},"type":"if","locations":[{"start":{"line":90,"column":2},"end":{"line":92,"column":null}},{"start":{},"end":{}}],"line":90}},"s":{"0":0,"1":0,"2":0,"3":0,"4":0,"5":0,"6":0,"7":0,"8":0,"9":0,"10":0,"11":0,"12":0,"13":0,"14":0,"15":0,"16":0,"17":0,"18":0,"19":0,"20":0,"21":0,"22":0,"23":0,"24":0,"25":0,"26":0,"27":0},"f":{"0":0,"1":0,"2":0,"3":0,"4":0,"5":0},"b":{"0":[0,0],"1":[0,0],"2":[0,0],"3":[0,0],"4":[0,0]},"meta":{"lastBranch":5,"lastFunction":6,"lastStatement":28,"seen":{"s:14:37:23:Infinity":0,"f:14:37:14:Infinity":0,"s:19:2:22:Infinity":1,"s:28:35:34:Infinity":2,"f:28:35:28:36":1,"s:29:26:29:Infinity":3,"s:30:2:32:Infinity":4,"s:31:4:31:Infinity":5,"b:31:37:31:49:31:49:31:Infinity":0,"s:33:2:33:Infinity":6,"s:39:26:58:Infinity":7,"f:39:26:39:27":2,"s:40:73:53:Infinity":8,"s:55:2:57:Infinity":9,"f:55:39:55:40":3,"s:56:4:56:Infinity":10,"s:63:19:95:Infinity":11,"f:63:19:63:Infinity":4,"b:68:2:70:Infinity:undefined:undefined:undefined:undefined":1,"s:68:2:70:Infinity":12,"s:69:4:69:Infinity":13,"s:72:17:72:Infinity":14,"s:75:19:75:Infinity":15,"s:76:23:76:Infinity":16,"s:78:2:81:Infinity":17,"s:79:4:79:Infinity":18,"s:80:4:80:Infinity":19,"b:84:2:92:Infinity:90:2:92:Infinity":2,"s:84:2:92:Infinity":20,"s:86:27:86:Infinity":21,"f:86:40:86:41":5,"s:86:47:86:55":22,"b:87:4:89:Infinity:undefined:undefined:undefined:undefined":3,"s:87:4:89:Infinity":23,"s:88:6:88:Infinity":24,"b:90:2:92:Infinity:undefined:undefined:undefined:undefined":4,"s:90:2:92:Infinity":25,"s:91:4:91:Infinity":26,"s:94:2:94:Infinity":27}}},"/workspaces/TagUtil/src/main/services/flac/mappers/flac-read-mapper.ts":{"path":"/workspaces/TagUtil/src/main/services/flac/mappers/flac-read-mapper.ts","statementMap":{"0":{"start":{"line":10,"column":24},"end":{"line":10,"column":null}},"1":{"start":{"line":13,"column":29},"end":{"line":25,"column":null}},"2":{"start":{"line":14,"column":2},"end":{"line":24,"column":null}},"3":{"start":{"line":28,"column":33},"end":{"line":47,"column":null}},"4":{"start":{"line":29,"column":19},"end":{"line":29,"column":null}},"5":{"start":{"line":31,"column":2},"end":{"line":46,"column":null}},"6":{"start":{"line":50,"column":28},"end":{"line":66,"column":null}},"7":{"start":{"line":51,"column":47},"end":{"line":51,"column":null}},"8":{"start":{"line":52,"column":2},"end":{"line":64,"column":null}},"9":{"start":{"line":53,"column":16},"end":{"line":53,"column":null}},"10":{"start":{"line":56,"column":4},"end":{"line":58,"column":null}},"11":{"start":{"line":57,"column":6},"end":{"line":57,"column":null}},"12":{"start":{"line":60,"column":4},"end":{"line":62,"column":null}},"13":{"start":{"line":61,"column":6},"end":{"line":61,"column":null}},"14":{"start":{"line":63,"column":4},"end":{"line":63,"column":null}},"15":{"start":{"line":65,"column":2},"end":{"line":65,"column":null}},"16":{"start":{"line":69,"column":20},"end":{"line":75,"column":null}},"17":{"start":{"line":70,"column":2},"end":{"line":74,"column":null}},"18":{"start":{"line":70,"column":30},"end":{"line":74,"column":4}},"19":{"start":{"line":78,"column":19},"end":{"line":94,"column":null}},"20":{"start":{"line":82,"column":19},"end":{"line":82,"column":null}},"21":{"start":{"line":83,"column":20},"end":{"line":83,"column":null}},"22":{"start":{"line":85,"column":28},"end":{"line":85,"column":null}},"23":{"start":{"line":86,"column":2},"end":{"line":91,"column":null}},"24":{"start":{"line":87,"column":19},"end":{"line":87,"column":null}},"25":{"start":{"line":88,"column":4},"end":{"line":90,"column":null}},"26":{"start":{"line":89,"column":6},"end":{"line":89,"column":null}},"27":{"start":{"line":93,"column":2},"end":{"line":93,"column":null}},"28":{"start":{"line":97,"column":20},"end":{"line":103,"column":null}},"29":{"start":{"line":101,"column":17},"end":{"line":101,"column":null}},"30":{"start":{"line":102,"column":2},"end":{"line":102,"column":null}},"31":{"start":{"line":106,"column":27},"end":{"line":115,"column":null}},"32":{"start":{"line":107,"column":2},"end":{"line":109,"column":null}},"33":{"start":{"line":108,"column":4},"end":{"line":108,"column":null}},"34":{"start":{"line":110,"column":2},"end":{"line":114,"column":null}}},"fnMap":{"0":{"name":"(anonymous_0)","decl":{"start":{"line":13,"column":29},"end":{"line":13,"column":30}},"loc":{"start":{"line":13,"column":95},"end":{"line":25,"column":null}},"line":13},"1":{"name":"(anonymous_1)","decl":{"start":{"line":28,"column":33},"end":{"line":28,"column":34}},"loc":{"start":{"line":28,"column":91},"end":{"line":47,"column":null}},"line":28},"2":{"name":"(anonymous_2)","decl":{"start":{"line":50,"column":28},"end":{"line":50,"column":29}},"loc":{"start":{"line":50,"column":83},"end":{"line":66,"column":null}},"line":50},"3":{"name":"(anonymous_3)","decl":{"start":{"line":69,"column":20},"end":{"line":69,"column":21}},"loc":{"start":{"line":69,"column":71},"end":{"line":75,"column":null}},"line":69},"4":{"name":"(anonymous_4)","decl":{"start":{"line":70,"column":22},"end":{"line":70,"column":23}},"loc":{"start":{"line":70,"column":30},"end":{"line":74,"column":4}},"line":70},"5":{"name":"(anonymous_5)","decl":{"start":{"line":78,"column":19},"end":{"line":78,"column":null}},"loc":{"start":{"line":81,"column":27},"end":{"line":94,"column":null}},"line":81},"6":{"name":"(anonymous_6)","decl":{"start":{"line":97,"column":20},"end":{"line":97,"column":null}},"loc":{"start":{"line":100,"column":25},"end":{"line":103,"column":null}},"line":100},"7":{"name":"(anonymous_7)","decl":{"start":{"line":106,"column":27},"end":{"line":106,"column":28}},"loc":{"start":{"line":106,"column":94},"end":{"line":115,"column":null}},"line":106}},"branchMap":{"0":{"loc":{"start":{"line":16,"column":30},"end":{"line":16,"column":56}},"type":"binary-expr","locations":[{"start":{"line":16,"column":30},"end":{"line":16,"column":54}},{"start":{"line":16,"column":54},"end":{"line":16,"column":56}}],"line":16},"1":{"loc":{"start":{"line":17,"column":26},"end":{"line":17,"column":53}},"type":"binary-expr","locations":[{"start":{"line":17,"column":26},"end":{"line":17,"column":51}},{"start":{"line":17,"column":51},"end":{"line":17,"column":53}}],"line":17},"2":{"loc":{"start":{"line":56,"column":4},"end":{"line":58,"column":null}},"type":"if","locations":[{"start":{"line":56,"column":4},"end":{"line":58,"column":null}},{"start":{},"end":{}}],"line":56},"3":{"loc":{"start":{"line":60,"column":4},"end":{"line":62,"column":null}},"type":"if","locations":[{"start":{"line":60,"column":4},"end":{"line":62,"column":null}},{"start":{},"end":{}}],"line":60},"4":{"loc":{"start":{"line":88,"column":4},"end":{"line":90,"column":null}},"type":"if","locations":[{"start":{"line":88,"column":4},"end":{"line":90,"column":null}},{"start":{},"end":{}}],"line":88},"5":{"loc":{"start":{"line":93,"column":9},"end":{"line":93,"column":null}},"type":"cond-expr","locations":[{"start":{"line":93,"column":30},"end":{"line":93,"column":40}},{"start":{"line":93,"column":40},"end":{"line":93,"column":null}}],"line":93},"6":{"loc":{"start":{"line":102,"column":9},"end":{"line":102,"column":null}},"type":"cond-expr","locations":[{"start":{"line":102,"column":18},"end":{"line":102,"column":30}},{"start":{"line":102,"column":30},"end":{"line":102,"column":null}}],"line":102},"7":{"loc":{"start":{"line":107,"column":2},"end":{"line":109,"column":null}},"type":"if","locations":[{"start":{"line":107,"column":2},"end":{"line":109,"column":null}},{"start":{},"end":{}}],"line":107},"8":{"loc":{"start":{"line":111,"column":12},"end":{"line":111,"column":null}},"type":"binary-expr","locations":[{"start":{"line":111,"column":12},"end":{"line":111,"column":40}},{"start":{"line":111,"column":40},"end":{"line":111,"column":null}}],"line":111}},"s":{"0":0,"1":0,"2":0,"3":0,"4":0,"5":0,"6":0,"7":0,"8":0,"9":0,"10":0,"11":0,"12":0,"13":0,"14":0,"15":0,"16":0,"17":0,"18":0,"19":0,"20":0,"21":0,"22":0,"23":0,"24":0,"25":0,"26":0,"27":0,"28":0,"29":0,"30":0,"31":0,"32":0,"33":0,"34":0},"f":{"0":0,"1":0,"2":0,"3":0,"4":0,"5":0,"6":0,"7":0},"b":{"0":[0,0],"1":[0,0],"2":[0,0],"3":[0,0],"4":[0,0],"5":[0,0],"6":[0,0],"7":[0,0],"8":[0,0]},"meta":{"lastBranch":9,"lastFunction":8,"lastStatement":35,"seen":{"s:10:24:10:Infinity":0,"s:13:29:25:Infinity":1,"f:13:29:13:30":0,"s:14:2:24:Infinity":2,"b:16:30:16:54:16:54:16:56":0,"b:17:26:17:51:17:51:17:53":1,"s:28:33:47:Infinity":3,"f:28:33:28:34":1,"s:29:19:29:Infinity":4,"s:31:2:46:Infinity":5,"s:50:28:66:Infinity":6,"f:50:28:50:29":2,"s:51:47:51:Infinity":7,"s:52:2:64:Infinity":8,"s:53:16:53:Infinity":9,"b:56:4:58:Infinity:undefined:undefined:undefined:undefined":2,"s:56:4:58:Infinity":10,"s:57:6:57:Infinity":11,"b:60:4:62:Infinity:undefined:undefined:undefined:undefined":3,"s:60:4:62:Infinity":12,"s:61:6:61:Infinity":13,"s:63:4:63:Infinity":14,"s:65:2:65:Infinity":15,"s:69:20:75:Infinity":16,"f:69:20:69:21":3,"s:70:2:74:Infinity":17,"f:70:22:70:23":4,"s:70:30:74:4":18,"s:78:19:94:Infinity":19,"f:78:19:78:Infinity":5,"s:82:19:82:Infinity":20,"s:83:20:83:Infinity":21,"s:85:28:85:Infinity":22,"s:86:2:91:Infinity":23,"s:87:19:87:Infinity":24,"b:88:4:90:Infinity:undefined:undefined:undefined:undefined":4,"s:88:4:90:Infinity":25,"s:89:6:89:Infinity":26,"s:93:2:93:Infinity":27,"b:93:30:93:40:93:40:93:Infinity":5,"s:97:20:103:Infinity":28,"f:97:20:97:Infinity":6,"s:101:17:101:Infinity":29,"s:102:2:102:Infinity":30,"b:102:18:102:30:102:30:102:Infinity":6,"s:106:27:115:Infinity":31,"f:106:27:106:28":7,"b:107:2:109:Infinity:undefined:undefined:undefined:undefined":7,"s:107:2:109:Infinity":32,"s:108:4:108:Infinity":33,"s:110:2:114:Infinity":34,"b:111:12:111:40:111:40:111:Infinity":8}}},"/workspaces/TagUtil/src/main/services/flac/mappers/flac-write-picture-resolver.ts":{"path":"/workspaces/TagUtil/src/main/services/flac/mappers/flac-write-picture-resolver.ts","statementMap":{"0":{"start":{"line":7,"column":38},"end":{"line":30,"column":null}},"1":{"start":{"line":12,"column":2},"end":{"line":14,"column":null}},"2":{"start":{"line":13,"column":4},"end":{"line":13,"column":null}},"3":{"start":{"line":17,"column":2},"end":{"line":22,"column":null}},"4":{"start":{"line":18,"column":30},"end":{"line":18,"column":null}},"5":{"start":{"line":19,"column":4},"end":{"line":21,"column":null}},"6":{"start":{"line":25,"column":17},"end":{"line":25,"column":null}},"7":{"start":{"line":26,"column":2},"end":{"line":29,"column":null}}},"fnMap":{"0":{"name":"(anonymous_0)","decl":{"start":{"line":7,"column":38},"end":{"line":7,"column":null}},"loc":{"start":{"line":10,"column":35},"end":{"line":30,"column":null}},"line":10}},"branchMap":{"0":{"loc":{"start":{"line":12,"column":2},"end":{"line":14,"column":null}},"type":"if","locations":[{"start":{"line":12,"column":2},"end":{"line":14,"column":null}},{"start":{},"end":{}}],"line":12},"1":{"loc":{"start":{"line":17,"column":2},"end":{"line":22,"column":null}},"type":"if","locations":[{"start":{"line":17,"column":2},"end":{"line":22,"column":null}},{"start":{},"end":{}}],"line":17},"2":{"loc":{"start":{"line":17,"column":6},"end":{"line":17,"column":66}},"type":"binary-expr","locations":[{"start":{"line":17,"column":6},"end":{"line":17,"column":30}},{"start":{"line":17,"column":30},"end":{"line":17,"column":66}}],"line":17},"3":{"loc":{"start":{"line":19,"column":11},"end":{"line":21,"column":null}},"type":"cond-expr","locations":[{"start":{"line":20,"column":8},"end":{"line":20,"column":null}},{"start":{"line":21,"column":8},"end":{"line":21,"column":null}}],"line":19}},"s":{"0":0,"1":0,"2":0,"3":0,"4":0,"5":0,"6":0,"7":0},"f":{"0":0},"b":{"0":[0,0],"1":[0,0],"2":[0,0],"3":[0,0]},"meta":{"lastBranch":4,"lastFunction":1,"lastStatement":8,"seen":{"s:7:38:30:Infinity":0,"f:7:38:7:Infinity":0,"b:12:2:14:Infinity:undefined:undefined:undefined:undefined":0,"s:12:2:14:Infinity":1,"s:13:4:13:Infinity":2,"b:17:2:22:Infinity:undefined:undefined:undefined:undefined":1,"s:17:2:22:Infinity":3,"b:17:6:17:30:17:30:17:66":2,"s:18:30:18:Infinity":4,"s:19:4:21:Infinity":5,"b:20:8:20:Infinity:21:8:21:Infinity":3,"s:25:17:25:Infinity":6,"s:26:2:29:Infinity":7}}},"/workspaces/TagUtil/src/renderer/src/components/inspector/tag-field-handlers.ts":{"path":"/workspaces/TagUtil/src/renderer/src/components/inspector/tag-field-handlers.ts","statementMap":{"0":{"start":{"line":12,"column":39},"end":{"line":15,"column":null}},"1":{"start":{"line":13,"column":16},"end":{"line":13,"column":null}},"2":{"start":{"line":14,"column":2},"end":{"line":14,"column":null}},"3":{"start":{"line":17,"column":21},"end":{"line":23,"column":null}},"4":{"start":{"line":21,"column":21},"end":{"line":21,"column":null}},"5":{"start":{"line":28,"column":33},"end":{"line":30,"column":null}},"6":{"start":{"line":29,"column":2},"end":{"line":29,"column":null}},"7":{"start":{"line":36,"column":35},"end":{"line":47,"column":null}},"8":{"start":{"line":37,"column":17},"end":{"line":37,"column":null}},"9":{"start":{"line":38,"column":2},"end":{"line":40,"column":null}},"10":{"start":{"line":39,"column":4},"end":{"line":39,"column":null}},"11":{"start":{"line":42,"column":16},"end":{"line":42,"column":null}},"12":{"start":{"line":43,"column":2},"end":{"line":45,"column":null}},"13":{"start":{"line":44,"column":4},"end":{"line":44,"column":null}},"14":{"start":{"line":46,"column":2},"end":{"line":46,"column":null}},"15":{"start":{"line":53,"column":35},"end":{"line":61,"column":null}},"16":{"start":{"line":54,"column":2},"end":{"line":56,"column":null}},"17":{"start":{"line":55,"column":4},"end":{"line":55,"column":null}},"18":{"start":{"line":57,"column":2},"end":{"line":59,"column":null}},"19":{"start":{"line":58,"column":4},"end":{"line":58,"column":null}},"20":{"start":{"line":60,"column":2},"end":{"line":60,"column":null}}},"fnMap":{"0":{"name":"(anonymous_0)","decl":{"start":{"line":12,"column":39},"end":{"line":12,"column":40}},"loc":{"start":{"line":12,"column":83},"end":{"line":15,"column":null}},"line":12},"1":{"name":"(anonymous_1)","decl":{"start":{"line":21,"column":13},"end":{"line":21,"column":14}},"loc":{"start":{"line":21,"column":21},"end":{"line":21,"column":null}},"line":21},"2":{"name":"(anonymous_2)","decl":{"start":{"line":28,"column":33},"end":{"line":28,"column":34}},"loc":{"start":{"line":28,"column":61},"end":{"line":30,"column":null}},"line":28},"3":{"name":"(anonymous_3)","decl":{"start":{"line":36,"column":35},"end":{"line":36,"column":36}},"loc":{"start":{"line":36,"column":71},"end":{"line":47,"column":null}},"line":36},"4":{"name":"(anonymous_4)","decl":{"start":{"line":53,"column":35},"end":{"line":53,"column":36}},"loc":{"start":{"line":53,"column":90},"end":{"line":61,"column":null}},"line":53}},"branchMap":{"0":{"loc":{"start":{"line":38,"column":2},"end":{"line":40,"column":null}},"type":"if","locations":[{"start":{"line":38,"column":2},"end":{"line":40,"column":null}},{"start":{},"end":{}}],"line":38},"1":{"loc":{"start":{"line":43,"column":2},"end":{"line":45,"column":null}},"type":"if","locations":[{"start":{"line":43,"column":2},"end":{"line":45,"column":null}},{"start":{},"end":{}}],"line":43},"2":{"loc":{"start":{"line":46,"column":9},"end":{"line":46,"column":null}},"type":"binary-expr","locations":[{"start":{"line":46,"column":9},"end":{"line":46,"column":24}},{"start":{"line":46,"column":24},"end":{"line":46,"column":null}}],"line":46},"3":{"loc":{"start":{"line":54,"column":2},"end":{"line":56,"column":null}},"type":"if","locations":[{"start":{"line":54,"column":2},"end":{"line":56,"column":null}},{"start":{},"end":{}}],"line":54},"4":{"loc":{"start":{"line":55,"column":11},"end":{"line":55,"column":null}},"type":"binary-expr","locations":[{"start":{"line":55,"column":11},"end":{"line":55,"column":26}},{"start":{"line":55,"column":26},"end":{"line":55,"column":null}}],"line":55},"5":{"loc":{"start":{"line":57,"column":2},"end":{"line":59,"column":null}},"type":"if","locations":[{"start":{"line":57,"column":2},"end":{"line":59,"column":null}},{"start":{},"end":{}}],"line":57},"6":{"loc":{"start":{"line":58,"column":11},"end":{"line":58,"column":null}},"type":"binary-expr","locations":[{"start":{"line":58,"column":11},"end":{"line":58,"column":27}},{"start":{"line":58,"column":27},"end":{"line":58,"column":null}}],"line":58}},"s":{"0":0,"1":0,"2":0,"3":0,"4":0,"5":0,"6":0,"7":0,"8":0,"9":0,"10":0,"11":0,"12":0,"13":0,"14":0,"15":0,"16":0,"17":0,"18":0,"19":0,"20":0},"f":{"0":0,"1":0,"2":0,"3":0,"4":0},"b":{"0":[0,0],"1":[0,0],"2":[0,0],"3":[0,0],"4":[0,0],"5":[0,0],"6":[0,0]},"meta":{"lastBranch":7,"lastFunction":5,"lastStatement":21,"seen":{"s:12:39:15:Infinity":0,"f:12:39:12:40":0,"s:13:16:13:Infinity":1,"s:14:2:14:Infinity":2,"s:17:21:23:Infinity":3,"f:21:13:21:14":1,"s:21:21:21:Infinity":4,"s:28:33:30:Infinity":5,"f:28:33:28:34":2,"s:29:2:29:Infinity":6,"s:36:35:47:Infinity":7,"f:36:35:36:36":3,"s:37:17:37:Infinity":8,"b:38:2:40:Infinity:undefined:undefined:undefined:undefined":0,"s:38:2:40:Infinity":9,"s:39:4:39:Infinity":10,"s:42:16:42:Infinity":11,"b:43:2:45:Infinity:undefined:undefined:undefined:undefined":1,"s:43:2:45:Infinity":12,"s:44:4:44:Infinity":13,"s:46:2:46:Infinity":14,"b:46:9:46:24:46:24:46:Infinity":2,"s:53:35:61:Infinity":15,"f:53:35:53:36":4,"b:54:2:56:Infinity:undefined:undefined:undefined:undefined":3,"s:54:2:56:Infinity":16,"s:55:4:55:Infinity":17,"b:55:11:55:26:55:26:55:Infinity":4,"b:57:2:59:Infinity:undefined:undefined:undefined:undefined":5,"s:57:2:59:Infinity":18,"s:58:4:58:Infinity":19,"b:58:11:58:27:58:27:58:Infinity":6,"s:60:2:60:Infinity":20}}}}}